ATI Driver Name: ATI Handheld Interface
ATI Driver Version: 2.03.050408.40228
ATI S/W Revision: 0 (0x00000000)
ATI Chip ID: 1447563266 (0x56481002)
ATI Revision ID: 17 (0x00000011)
ATI CPU Bus Interface Mode: 4 (0x00000004)
ATI Total Memory: 196608 (192 KiB)
ATI Internal Memory: 196608 (192 KiB)
ATI External Memory: 0 (0 KiB)
ATI CAPS 1: 0 (0x00000000)
ATI CAPS 2: 1 (0x00000001)
ATI Internal Memory Largest Block: result=0, size=41280, size=40 KiB, align=8
ATI External Memory Largest Block: result=2, size=41280, size=40 KiB, align=8
ATI Display Mode: size=128x160, pixel_format=5, frequency=51, rotation=0, mirror=0
ATI Surface Info: width=128, height=160, pixFormat=5, byteSize=40960, byteSize=40 KiB
ATI Surface Info: offset=1064064, stride=256, numPlanes=1
C=1 E=131072 T=0
C=2 A=65536 T=65536 P=0x124A65F8
C=3 A=65536 T=131072 P=0x124899F8
C=4 A=65536 T=196608 P=0x1246CDF8
C=5 E=65536 T=196608
C=6 A=32768 T=229376 P=0x123A8E90
C=7 E=32768 T=229376
C=8 A=16384 T=245760 P=0x12389178
C=9 A=16384 T=262144 P=0x1238D8BC
C=10 A=16384 T=278528 P=0x12392000
C=11 A=16384 T=294912 P=0x12396744
C=12 E=16384 T=294912
C=13 E=8192 T=294912
C=14 A=4096 T=299008 P=0x1235513C
C=15 A=4096 T=303104 P=0x12356398
C=16 A=4096 T=307200 P=0x123575F4
C=17 A=4096 T=311296 P=0x12358850
C=18 A=4096 T=315392 P=0x12359AAC
C=19 A=4096 T=319488 P=0x1235AD08
C=20 A=4096 T=323584 P=0x1235DB00
C=21 A=4096 T=327680 P=0x1235F69C
C=22 A=4096 T=331776 P=0x12361238
C=23 A=4096 T=335872 P=0x12362DD4
C=24 A=4096 T=339968 P=0x12364970
C=25 A=4096 T=344064 P=0x1236650C
C=26 A=4096 T=348160 P=0x12369F20
C=27 A=4096 T=352256 P=0x1236BD98
C=28 A=4096 T=356352 P=0x1236DC10
C=29 A=4096 T=360448 P=0x1236FA88
C=30 A=4096 T=364544 P=0x12371900
C=31 A=4096 T=368640 P=0x12373778
C=32 A=4096 T=372736 P=0x123755F0
C=33 E=4096 T=372736
C=34 A=2048 T=374784 P=0x1233B6F0
C=35 A=2048 T=376832 P=0x1233C3F8
C=36 A=2048 T=378880 P=0x1233D100
C=37 A=2048 T=380928 P=0x1233DE08
C=38 A=2048 T=382976 P=0x1233EB10
C=39 A=2048 T=385024 P=0x1233F818
C=40 A=2048 T=387072 P=0x12340520
C=41 A=2048 T=389120 P=0x12341228
C=42 A=2048 T=391168 P=0x12341F30
C=43 A=2048 T=393216 P=0x12342C38
C=44 A=2048 T=395264 P=0x12343940
C=45 A=2048 T=397312 P=0x12344648
C=46 A=2048 T=399360 P=0x12345350
C=47 A=2048 T=401408 P=0x12346058
C=48 A=2048 T=403456 P=0x12346D60
C=49 A=2048 T=405504 P=0x12347A68
C=50 A=2048 T=407552 P=0x12348770
C=51 A=2048 T=409600 P=0x12349478
C=52 A=2048 T=411648 P=0x1234A180
C=53 A=2048 T=413696 P=0x1234AE88
C=54 A=2048 T=415744 P=0x1234BB90
C=55 A=2048 T=417792 P=0x1234C898
C=56 A=2048 T=419840 P=0x1234D5A0
C=57 A=2048 T=421888 P=0x1234E2A8
C=58 A=2048 T=423936 P=0x1234EFB0
C=59 A=2048 T=425984 P=0x1234FCB8
C=60 A=2048 T=428032 P=0x123509C0
C=61 A=2048 T=430080 P=0x12351708
C=62 A=2048 T=432128 P=0x12352450
C=63 A=2048 T=434176 P=0x12353198
C=64 E=2048 T=434176
C=65 A=1024 T=435200 P=0x1232C9CC
C=66 A=1024 T=436224 P=0x1232CDD4
C=67 A=1024 T=437248 P=0x1232D1DC
C=68 A=1024 T=438272 P=0x1232D5E4
C=69 A=1024 T=439296 P=0x1232D9EC
C=70 A=1024 T=440320 P=0x1232DDF4
C=71 A=1024 T=441344 P=0x1232E1FC
C=72 A=1024 T=442368 P=0x1232F9C4
C=73 A=1024 T=443392 P=0x12332C8C
C=74 A=1024 T=444416 P=0x12332778
C=75 A=1024 T=445440 P=0x12334AC0
C=76 A=1024 T=446464 P=0x12334478
C=77 A=1024 T=447488 P=0x12333E30
C=78 A=1024 T=448512 P=0x123337E8
C=79 A=1024 T=449536 P=0x12335108
C=80 A=1024 T=450560 P=0x12335750
C=81 A=1024 T=451584 P=0x12335D98
C=82 A=1024 T=452608 P=0x123363E0
C=83 A=1024 T=453632 P=0x12336A28
C=84 A=1024 T=454656 P=0x12337070
C=85 A=1024 T=455680 P=0x123376B8
C=86 A=1024 T=456704 P=0x12337D00
C=87 A=1024 T=457728 P=0x12338348
C=88 A=1024 T=458752 P=0x12338990
C=89 E=1024 T=458752
C=90 A=512 T=459264 P=0x1230C940
C=91 A=512 T=459776 P=0x1230B29C
C=92 A=512 T=460288 P=0x1230B7A4
C=93 A=512 T=460800 P=0x1230BCAC
C=94 A=512 T=461312 P=0x1230C1B4
C=95 A=512 T=461824 P=0x1230CE48
C=96 A=512 T=462336 P=0x1230BA28
C=97 A=512 T=462848 P=0x1230BF30
C=98 A=512 T=463360 P=0x1230EEFC
C=99 A=512 T=463872 P=0x1230EC78
C=100 A=512 T=464384 P=0x1230F180
C=101 A=512 T=464896 P=0x1230F404
C=102 A=512 T=465408 P=0x1230F688
C=103 A=512 T=465920 P=0x1230F90C
C=104 A=512 T=466432 P=0x1230FB90
C=105 A=512 T=466944 P=0x1230FE14
C=106 A=512 T=467456 P=0x12310098
C=107 A=512 T=467968 P=0x1231031C
C=108 A=512 T=468480 P=0x123105A0
C=109 A=512 T=468992 P=0x12310824
C=110 A=512 T=469504 P=0x12310AA8
C=111 A=512 T=470016 P=0x12310D2C
C=112 A=512 T=470528 P=0x12310FB0
C=113 A=512 T=471040 P=0x12311234
C=114 A=512 T=471552 P=0x123114B8
C=115 A=512 T=472064 P=0x1231173C
C=116 A=512 T=472576 P=0x123119C0
C=117 A=512 T=473088 P=0x12311C44
C=118 A=512 T=473600 P=0x12311EC8
C=119 A=512 T=474112 P=0x1231214C
C=120 A=512 T=474624 P=0x123123D0
C=121 A=512 T=475136 P=0x12312654
C=122 A=512 T=475648 P=0x123128D8
C=123 A=512 T=476160 P=0x12312B5C
C=124 A=512 T=476672 P=0x12312DE0
C=125 A=512 T=477184 P=0x12313064
C=126 A=512 T=477696 P=0x123132E8
C=127 A=512 T=478208 P=0x1231356C
C=128 A=512 T=478720 P=0x123137F0
C=129 A=512 T=479232 P=0x12313A74
C=130 A=512 T=479744 P=0x12313CF8
C=131 A=512 T=480256 P=0x12313F7C
C=132 A=512 T=480768 P=0x12314200
C=133 A=512 T=481280 P=0x12314484
C=134 A=512 T=481792 P=0x12314708
C=135 A=512 T=482304 P=0x1231498C
C=136 A=512 T=482816 P=0x12314C10
C=137 A=512 T=483328 P=0x12314E94
C=138 A=512 T=483840 P=0x12315118
C=139 A=512 T=484352 P=0x1231539C
C=140 A=512 T=484864 P=0x12315620
C=141 A=512 T=485376 P=0x123158A4
C=142 A=512 T=485888 P=0x12315B28
C=143 A=512 T=486400 P=0x12315DAC
C=144 A=512 T=486912 P=0x12316030
C=145 A=512 T=487424 P=0x123162B4
C=146 A=512 T=487936 P=0x12316538
C=147 A=512 T=488448 P=0x123167BC
C=148 A=512 T=488960 P=0x12316A40
C=149 A=512 T=489472 P=0x12316CC4
C=150 A=512 T=489984 P=0x12316F48
C=151 A=512 T=490496 P=0x123171CC
C=152 A=512 T=491008 P=0x12317450
C=153 A=512 T=491520 P=0x123176D4
C=154 A=512 T=492032 P=0x12317958
C=155 A=512 T=492544 P=0x12317BDC
C=156 A=512 T=493056 P=0x12317E60
C=157 A=512 T=493568 P=0x123180E4
C=158 A=512 T=494080 P=0x12318368
C=159 A=512 T=494592 P=0x123185EC
C=160 A=512 T=495104 P=0x12318870
C=161 A=512 T=495616 P=0x12319C38
C=162 A=512 T=496128 P=0x1231A320
C=163 A=512 T=496640 P=0x1231A694
C=164 A=512 T=497152 P=0x1231AA08
C=165 A=512 T=497664 P=0x1231AD7C
C=166 A=512 T=498176 P=0x1231B0F0
C=167 A=512 T=498688 P=0x1231B464
C=168 A=512 T=499200 P=0x1231B7D8
C=169 A=512 T=499712 P=0x1231BB4C
C=170 A=512 T=500224 P=0x1231BEC0
C=171 A=512 T=500736 P=0x1231C234
C=172 A=512 T=501248 P=0x1231C5A8
C=173 A=512 T=501760 P=0x1231C91C
C=174 A=512 T=502272 P=0x1231CC90
C=175 A=512 T=502784 P=0x1231D004
C=176 A=512 T=503296 P=0x1231D378
C=177 A=512 T=503808 P=0x1231D6EC
C=178 A=512 T=504320 P=0x1231DA60
C=179 A=512 T=504832 P=0x1231DDD4
C=180 A=512 T=505344 P=0x1231E148
C=181 A=512 T=505856 P=0x1231E4BC
C=182 A=512 T=506368 P=0x1231E830
C=183 A=512 T=506880 P=0x1231EBA4
C=184 A=512 T=507392 P=0x1231EF18
C=185 A=512 T=507904 P=0x1231F28C
C=186 A=512 T=508416 P=0x1231F600
C=187 A=512 T=508928 P=0x1231F974
C=188 A=512 T=509440 P=0x1231FCE8
C=189 A=512 T=509952 P=0x1232005C
C=190 A=512 T=510464 P=0x123203D0
C=191 A=512 T=510976 P=0x12320744
C=192 A=512 T=511488 P=0x12320AB8
C=193 A=512 T=512000 P=0x12320E2C
C=194 A=512 T=512512 P=0x123211A0
C=195 A=512 T=513024 P=0x12321514
C=196 A=512 T=513536 P=0x12321888
C=197 A=512 T=514048 P=0x12321BFC
C=198 A=512 T=514560 P=0x12321F70
C=199 A=512 T=515072 P=0x123222E4
C=200 A=512 T=515584 P=0x12322658
C=201 A=512 T=516096 P=0x123229CC
C=202 A=512 T=516608 P=0x12322D40
C=203 A=512 T=517120 P=0x123230B4
C=204 A=512 T=517632 P=0x12323428
C=205 A=512 T=518144 P=0x1232379C
C=206 A=512 T=518656 P=0x12323B10
C=207 A=512 T=519168 P=0x12323E84
C=208 A=512 T=519680 P=0x123241F8
C=209 A=512 T=520192 P=0x1232456C
C=210 A=512 T=520704 P=0x123248E0
C=211 A=512 T=521216 P=0x12324C54
C=212 A=512 T=521728 P=0x12324FC8
C=213 A=512 T=522240 P=0x1232533C
C=214 A=512 T=522752 P=0x123256B0
C=215 A=512 T=523264 P=0x12325A24
C=216 A=512 T=523776 P=0x12325D98
C=217 A=512 T=524288 P=0x1232610C
C=218 A=512 T=524800 P=0x12326480
C=219 A=512 T=525312 P=0x123267F4
C=220 A=512 T=525824 P=0x12326B68
C=221 A=512 T=526336 P=0x12326EDC
C=222 A=512 T=526848 P=0x12327250
C=223 A=512 T=527360 P=0x123275C4
C=224 A=512 T=527872 P=0x12327938
C=225 A=512 T=528384 P=0x12327CAC
C=226 A=512 T=528896 P=0x12328020
C=227 A=512 T=529408 P=0x12328394
C=228 A=512 T=529920 P=0x12328708
C=229 A=512 T=530432 P=0x12328A7C
C=230 A=512 T=530944 P=0x12328DF0
C=231 A=512 T=531456 P=0x12329164
C=232 A=512 T=531968 P=0x123294D8
C=233 A=512 T=532480 P=0x1232984C
C=234 A=512 T=532992 P=0x12329BC0
C=235 A=512 T=533504 P=0x12329F34
C=236 A=512 T=534016 P=0x1232A2A8
C=237 A=512 T=534528 P=0x1232A61C
C=238 A=512 T=535040 P=0x1232A990
C=239 A=512 T=535552 P=0x1232AD04
C=240 A=512 T=536064 P=0x1232B078
C=241 A=512 T=536576 P=0x1232B3EC
C=242 A=512 T=537088 P=0x1232B760
C=243 A=512 T=537600 P=0x1232BAD4
C=244 A=512 T=538112 P=0x1232BE48
C=245 E=512 T=538112
C=246 A=256 T=538368 P=0x122FD618
C=247 A=256 T=538624 P=0x122FF118
C=248 A=256 T=538880 P=0x122FEFF8
C=249 A=256 T=539136 P=0x122FEED8
C=250 A=256 T=539392 P=0x122FEDB8
C=251 A=256 T=539648 P=0x122FEC98
C=252 A=256 T=539904 P=0x122FEB78
C=253 A=256 T=540160 P=0x122FEA58
C=254 A=256 T=540416 P=0x122FE938
C=255 A=256 T=540672 P=0x122FE6F8
C=256 A=256 T=540928 P=0x122FE818
C=257 A=256 T=541184 P=0x122FE158
C=258 A=256 T=541440 P=0x122FE038
C=259 A=256 T=541696 P=0x122FDF18
C=260 A=256 T=541952 P=0x122FDDF8
C=261 A=256 T=542208 P=0x122FE5D8
C=262 A=256 T=542464 P=0x122FE4B8
C=263 A=256 T=542720 P=0x122FD978
C=264 A=256 T=542976 P=0x122FE278
C=265 A=256 T=543232 P=0x122FE398
C=266 A=256 T=543488 P=0x122FD738
C=267 A=256 T=543744 P=0x122FDCD8
C=268 A=256 T=544000 P=0x122FDBB8
C=269 A=256 T=544256 P=0x122FDA98
C=270 A=256 T=544512 P=0x122FD858
C=271 A=256 T=544768 P=0x122FF238
C=272 A=256 T=545024 P=0x122FF358
C=273 A=256 T=545280 P=0x122FF478
C=274 A=256 T=545536 P=0x122FF598
C=275 A=256 T=545792 P=0x122FF6B8
C=276 A=256 T=546048 P=0x122FF7D8
C=277 A=256 T=546304 P=0x122FF8F8
C=278 A=256 T=546560 P=0x122FFA18
C=279 A=256 T=546816 P=0x122FFB38
C=280 A=256 T=547072 P=0x122FFC58
C=281 A=256 T=547328 P=0x122FFD78
C=282 A=256 T=547584 P=0x122FFE98
C=283 A=256 T=547840 P=0x122FFFB8
C=284 A=256 T=548096 P=0x123000D8
C=285 A=256 T=548352 P=0x123001F8
C=286 A=256 T=548608 P=0x12300318
C=287 A=256 T=548864 P=0x12300438
C=288 A=256 T=549120 P=0x12300558
C=289 A=256 T=549376 P=0x12300678
C=290 A=256 T=549632 P=0x12300798
C=291 A=256 T=549888 P=0x123008B8
C=292 A=256 T=550144 P=0x123009D8
C=293 A=256 T=550400 P=0x12300AF8
C=294 A=256 T=550656 P=0x12300C18
C=295 A=256 T=550912 P=0x12303180
C=296 A=256 T=551168 P=0x12303D98
C=297 A=256 T=551424 P=0x12303990
C=298 A=256 T=551680 P=0x123036E0
C=299 A=256 T=551936 P=0x12303588
C=300 A=256 T=552192 P=0x12303C40
C=301 A=256 T=552448 P=0x12303430
C=302 A=256 T=552704 P=0x12302160
C=303 A=256 T=552960 P=0x12302008
C=304 A=256 T=553216 P=0x12303EF0
C=305 A=256 T=553472 P=0x12304048
C=306 A=256 T=553728 P=0x123042F8
C=307 A=256 T=553984 P=0x12304450
C=308 A=256 T=554240 P=0x123045A8
C=309 A=256 T=554496 P=0x12304700
C=310 A=256 T=554752 P=0x123026C0
C=311 A=256 T=555008 P=0x12302818
C=312 A=256 T=555264 P=0x12302568
C=313 A=256 T=555520 P=0x12301AA8
C=314 A=256 T=555776 P=0x12302AC8
C=315 A=256 T=556032 P=0x12303028
C=316 A=256 T=556288 P=0x12301EB0
C=317 A=256 T=556544 P=0x12302ED0
C=318 A=256 T=556800 P=0x12302D78
C=319 A=256 T=557056 P=0x12302C20
C=320 A=256 T=557312 P=0x123013F0
C=321 A=256 T=557568 P=0x123022B8
C=322 A=256 T=557824 P=0x12301C00
C=323 A=256 T=558080 P=0x12301950
C=324 A=256 T=558336 P=0x123016A0
C=325 A=256 T=558592 P=0x12302410
C=326 A=256 T=558848 P=0x123017F8
C=327 A=256 T=559104 P=0x12304858
C=328 A=256 T=559360 P=0x123049B0
C=329 A=256 T=559616 P=0x12304B08
C=330 A=256 T=559872 P=0x12304C60
C=331 A=256 T=560128 P=0x12304DB8
C=332 A=256 T=560384 P=0x12304F10
C=333 A=256 T=560640 P=0x12305068
C=334 A=256 T=560896 P=0x123051C0
C=335 A=256 T=561152 P=0x12305318
C=336 A=256 T=561408 P=0x12305470
C=337 A=256 T=561664 P=0x123055C8
C=338 A=256 T=561920 P=0x12305720
C=339 A=256 T=562176 P=0x12305878
C=340 A=256 T=562432 P=0x123059D0
C=341 A=256 T=562688 P=0x12305B28
C=342 A=256 T=562944 P=0x12305C80
C=343 A=256 T=563200 P=0x12305DD8
C=344 A=256 T=563456 P=0x12305F30
C=345 A=256 T=563712 P=0x12306088
C=346 A=256 T=563968 P=0x123061E0
C=347 A=256 T=564224 P=0x12306338
C=348 A=256 T=564480 P=0x12306490
C=349 A=256 T=564736 P=0x123065E8
C=350 A=256 T=564992 P=0x12306740
C=351 A=256 T=565248 P=0x12306898
C=352 A=256 T=565504 P=0x123069F0
C=353 A=256 T=565760 P=0x12306B48
C=354 A=256 T=566016 P=0x12306CA0
C=355 A=256 T=566272 P=0x12306DF8
C=356 A=256 T=566528 P=0x12306F50
C=357 A=256 T=566784 P=0x123070A8
C=358 A=256 T=567040 P=0x12307200
C=359 A=256 T=567296 P=0x12307358
C=360 A=256 T=567552 P=0x123074B0
C=361 A=256 T=567808 P=0x12307608
C=362 A=256 T=568064 P=0x12307760
C=363 A=256 T=568320 P=0x123078B8
C=364 A=256 T=568576 P=0x12307A10
C=365 A=256 T=568832 P=0x12307B68
C=366 A=256 T=569088 P=0x12307CC0
C=367 A=256 T=569344 P=0x12307E18
C=368 A=256 T=569600 P=0x12307F70
C=369 A=256 T=569856 P=0x123080C8
C=370 A=256 T=570112 P=0x12308220
C=371 A=256 T=570368 P=0x12308378
C=372 A=256 T=570624 P=0x123084D0
C=373 A=256 T=570880 P=0x12308628
C=374 A=256 T=571136 P=0x12308780
C=375 A=256 T=571392 P=0x123088D8
C=376 A=256 T=571648 P=0x12308A30
C=377 A=256 T=571904 P=0x12308B88
C=378 E=256 T=571904
C=379 A=128 T=572032 P=0x122D8468
C=380 A=128 T=572160 P=0x122D9F20
C=381 A=128 T=572288 P=0x122D8630
C=382 A=128 T=572416 P=0x122DA0E8
C=383 A=128 T=572544 P=0x122D9898
C=384 A=128 T=572672 P=0x122DA180
C=385 A=128 T=572800 P=0x122DA218
C=386 A=128 T=572928 P=0x122DA2B0
C=387 A=128 T=573056 P=0x122DA348
C=388 A=128 T=573184 P=0x122DA3E0
C=389 A=128 T=573312 P=0x122DA478
C=390 A=128 T=573440 P=0x122DA510
C=391 A=128 T=573568 P=0x122DA5A8
C=392 A=128 T=573696 P=0x122DA640
C=393 A=128 T=573824 P=0x122DA6D8
C=394 A=128 T=573952 P=0x122DA770
C=395 A=128 T=574080 P=0x122DA808
C=396 A=128 T=574208 P=0x122DA8A0
C=397 A=128 T=574336 P=0x122DA938
C=398 A=128 T=574464 P=0x122DA9D0
C=399 A=128 T=574592 P=0x122DAA68
C=400 A=128 T=574720 P=0x122DAB00
C=401 A=128 T=574848 P=0x122DAB98
C=402 A=128 T=574976 P=0x122DAC30
C=403 A=128 T=575104 P=0x122DACC8
C=404 A=128 T=575232 P=0x122DAD60
C=405 A=128 T=575360 P=0x122DADF8
C=406 A=128 T=575488 P=0x122DAE90
C=407 A=128 T=575616 P=0x122DAF28
C=408 A=128 T=575744 P=0x122DAFC0
C=409 A=128 T=575872 P=0x122DB058
C=410 A=128 T=576000 P=0x122DB0F0
C=411 A=128 T=576128 P=0x122DB188
C=412 A=128 T=576256 P=0x122DB220
C=413 A=128 T=576384 P=0x122DB2B8
C=414 A=128 T=576512 P=0x122DB350
C=415 A=128 T=576640 P=0x122DB3E8
C=416 A=128 T=576768 P=0x122DB480
C=417 A=128 T=576896 P=0x122DB518
C=418 A=128 T=577024 P=0x122DB5B0
C=419 A=128 T=577152 P=0x122DB648
C=420 A=128 T=577280 P=0x122DB6E0
C=421 A=128 T=577408 P=0x122DB778
C=422 A=128 T=577536 P=0x122DB810
C=423 A=128 T=577664 P=0x122DB8A8
C=424 A=128 T=577792 P=0x122DB940
C=425 A=128 T=577920 P=0x122DB9D8
C=426 A=128 T=578048 P=0x122DBA70
C=427 A=128 T=578176 P=0x122DBB08
C=428 A=128 T=578304 P=0x122DBBA0
C=429 A=128 T=578432 P=0x122DBC38
C=430 A=128 T=578560 P=0x122DBCD0
C=431 A=128 T=578688 P=0x122DBD68
C=432 A=128 T=578816 P=0x122DBE00
C=433 A=128 T=578944 P=0x122DBE98
C=434 A=128 T=579072 P=0x122DBF30
C=435 A=128 T=579200 P=0x122DBFC8
C=436 A=128 T=579328 P=0x122DC060
C=437 A=128 T=579456 P=0x122DC0F8
C=438 A=128 T=579584 P=0x122DC190
C=439 A=128 T=579712 P=0x122DC228
C=440 A=128 T=579840 P=0x122DC2C0
C=441 A=128 T=579968 P=0x122DC358
C=442 A=128 T=580096 P=0x122DC3F0
C=443 A=128 T=580224 P=0x122DC488
C=444 A=128 T=580352 P=0x122DC520
C=445 A=128 T=580480 P=0x122DC5B8
C=446 A=128 T=580608 P=0x122DC650
C=447 A=128 T=580736 P=0x122DC6E8
C=448 A=128 T=580864 P=0x122DC780
C=449 A=128 T=580992 P=0x122DC818
C=450 A=128 T=581120 P=0x122DC8B0
C=451 A=128 T=581248 P=0x122DC948
C=452 A=128 T=581376 P=0x122DC9E0
C=453 A=128 T=581504 P=0x122DCA78
C=454 A=128 T=581632 P=0x122DCB10
C=455 A=128 T=581760 P=0x122DCBA8
C=456 A=128 T=581888 P=0x122DCC40
C=457 A=128 T=582016 P=0x122DCCD8
C=458 A=128 T=582144 P=0x122DCD70
C=459 A=128 T=582272 P=0x122DCE08
C=460 A=128 T=582400 P=0x122DCEA0
C=461 A=128 T=582528 P=0x122DCF38
C=462 A=128 T=582656 P=0x122DCFD0
C=463 A=128 T=582784 P=0x122DD068
C=464 A=128 T=582912 P=0x122DD100
C=465 A=128 T=583040 P=0x122DD198
C=466 A=128 T=583168 P=0x122DD230
C=467 A=128 T=583296 P=0x122DD2C8
C=468 A=128 T=583424 P=0x122DD360
C=469 A=128 T=583552 P=0x122DD3F8
C=470 A=128 T=583680 P=0x122DD490
C=471 A=128 T=583808 P=0x122DD528
C=472 A=128 T=583936 P=0x122DD5C0
C=473 A=128 T=584064 P=0x122DD658
C=474 A=128 T=584192 P=0x122DD6F0
C=475 A=128 T=584320 P=0x122DD788
C=476 A=128 T=584448 P=0x122DD820
C=477 A=128 T=584576 P=0x122DD8B8
C=478 A=128 T=584704 P=0x122DD950
C=479 A=128 T=584832 P=0x122DD9E8
C=480 A=128 T=584960 P=0x122DDA80
C=481 A=128 T=585088 P=0x122DDB18
C=482 A=128 T=585216 P=0x122DDBB0
C=483 A=128 T=585344 P=0x122DDC48
C=484 A=128 T=585472 P=0x122DDCE0
C=485 A=128 T=585600 P=0x122DDD78
C=486 A=128 T=585728 P=0x122DDE10
C=487 A=128 T=585856 P=0x122DDEA8
C=488 A=128 T=585984 P=0x122DDF40
C=489 A=128 T=586112 P=0x122DDFD8
C=490 A=128 T=586240 P=0x122DE070
C=491 A=128 T=586368 P=0x122DE108
C=492 A=128 T=586496 P=0x122DE1A0
C=493 A=128 T=586624 P=0x122DE238
C=494 A=128 T=586752 P=0x122DE2D0
C=495 A=128 T=586880 P=0x122DE368
C=496 A=128 T=587008 P=0x122DE400
C=497 A=128 T=587136 P=0x122DE498
C=498 A=128 T=587264 P=0x122DE530
C=499 A=128 T=587392 P=0x122DE5C8
C=500 A=128 T=587520 P=0x122DE660
C=501 A=128 T=587648 P=0x122DE6F8
C=502 A=128 T=587776 P=0x122DE790
C=503 A=128 T=587904 P=0x122DE828
C=504 A=128 T=588032 P=0x122DE8C0
C=505 A=128 T=588160 P=0x122DE958
C=506 A=128 T=588288 P=0x122DE9F0
C=507 A=128 T=588416 P=0x122DEA88
C=508 A=128 T=588544 P=0x122DEB20
C=509 A=128 T=588672 P=0x122DEBB8
C=510 A=128 T=588800 P=0x122DEC50
C=511 A=128 T=588928 P=0x122DECE8
C=512 A=128 T=589056 P=0x122DED80
C=513 A=128 T=589184 P=0x122DEE18
C=514 A=128 T=589312 P=0x122DEEB0
C=515 A=128 T=589440 P=0x122DEF48
C=516 A=128 T=589568 P=0x122DEFE0
C=517 A=128 T=589696 P=0x122DF078
C=518 A=128 T=589824 P=0x122DF110
C=519 A=128 T=589952 P=0x122DF1A8
C=520 A=128 T=590080 P=0x122DF240
C=521 A=128 T=590208 P=0x122DF2D8
C=522 A=128 T=590336 P=0x122DF370
C=523 A=128 T=590464 P=0x122DF408
C=524 A=128 T=590592 P=0x122DF4A0
C=525 A=128 T=590720 P=0x122DF538
C=526 A=128 T=590848 P=0x122DF5D0
C=527 A=128 T=590976 P=0x122DF668
C=528 A=128 T=591104 P=0x122DF700
C=529 A=128 T=591232 P=0x122DF798
C=530 A=128 T=591360 P=0x122DF830
C=531 A=128 T=591488 P=0x122DF8C8
C=532 A=128 T=591616 P=0x122DF960
C=533 A=128 T=591744 P=0x122DF9F8
C=534 A=128 T=591872 P=0x122DFA90
C=535 A=128 T=592000 P=0x122DFB28
C=536 A=128 T=592128 P=0x122DFBC0
C=537 A=128 T=592256 P=0x122DFC58
C=538 A=128 T=592384 P=0x122DFCF0
C=539 A=128 T=592512 P=0x122DFD88
C=540 A=128 T=592640 P=0x122DFE20
C=541 A=128 T=592768 P=0x122DFEB8
C=542 A=128 T=592896 P=0x122DFF50
C=543 A=128 T=593024 P=0x122DFFE8
C=544 A=128 T=593152 P=0x122E0080
C=545 A=128 T=593280 P=0x122E0118
C=546 A=128 T=593408 P=0x122E01B0
C=547 A=128 T=593536 P=0x122E0248
C=548 A=128 T=593664 P=0x122E02E0
C=549 A=128 T=593792 P=0x122E0378
C=550 A=128 T=593920 P=0x122E0410
C=551 A=128 T=594048 P=0x122E04A8
C=552 A=128 T=594176 P=0x122E0540
C=553 A=128 T=594304 P=0x122E05D8
C=554 A=128 T=594432 P=0x122E0670
C=555 A=128 T=594560 P=0x122E0708
C=556 A=128 T=594688 P=0x122E07A0
C=557 A=128 T=594816 P=0x122E0838
C=558 A=128 T=594944 P=0x122E08D0
C=559 A=128 T=595072 P=0x122E0968
C=560 A=128 T=595200 P=0x122E0A00
C=561 A=128 T=595328 P=0x122E0A98
C=562 A=128 T=595456 P=0x122E0B30
C=563 A=128 T=595584 P=0x122E0BC8
C=564 A=128 T=595712 P=0x122E0C60
C=565 A=128 T=595840 P=0x122E0CF8
C=566 A=128 T=595968 P=0x122E0D90
C=567 A=128 T=596096 P=0x122E0E28
C=568 A=128 T=596224 P=0x122E0EC0
C=569 A=128 T=596352 P=0x122E0F58
C=570 A=128 T=596480 P=0x122E0FF0
C=571 A=128 T=596608 P=0x122E1088
C=572 A=128 T=596736 P=0x122E1120
C=573 A=128 T=596864 P=0x122E11B8
C=574 A=128 T=596992 P=0x122E1250
C=575 A=128 T=597120 P=0x122E12E8
C=576 A=128 T=597248 P=0x122E1380
C=577 A=128 T=597376 P=0x122E1418
C=578 A=128 T=597504 P=0x122E14B0
C=579 A=128 T=597632 P=0x122E1548
C=580 A=128 T=597760 P=0x122E15E0
C=581 A=128 T=597888 P=0x122E1678
C=582 A=128 T=598016 P=0x122E1710
C=583 A=128 T=598144 P=0x122E17A8
C=584 A=128 T=598272 P=0x122E1840
C=585 A=128 T=598400 P=0x122E18D8
C=586 A=128 T=598528 P=0x122E1970
C=587 A=128 T=598656 P=0x122E1A08
C=588 A=128 T=598784 P=0x122E1AA0
C=589 A=128 T=598912 P=0x122E1B38
C=590 A=128 T=599040 P=0x122E1BD0
C=591 A=128 T=599168 P=0x122E1C68
C=592 A=128 T=599296 P=0x122E1D00
C=593 A=128 T=599424 P=0x122E1D98
C=594 A=128 T=599552 P=0x122E1E30
C=595 A=128 T=599680 P=0x122E1EC8
C=596 A=128 T=599808 P=0x122E1F60
C=597 A=128 T=599936 P=0x122E1FF8
C=598 A=128 T=600064 P=0x122E2090
C=599 A=128 T=600192 P=0x122E2128
C=600 A=128 T=600320 P=0x122E21C0
C=601 A=128 T=600448 P=0x122E2258
C=602 A=128 T=600576 P=0x122E22F0
C=603 A=128 T=600704 P=0x122E2388
C=604 A=128 T=600832 P=0x122E2420
C=605 A=128 T=600960 P=0x122E24B8
C=606 A=128 T=601088 P=0x122E2550
C=607 A=128 T=601216 P=0x122E25E8
C=608 A=128 T=601344 P=0x122E2680
C=609 A=128 T=601472 P=0x122E2718
C=610 A=128 T=601600 P=0x122E27B0
C=611 A=128 T=601728 P=0x122E2848
C=612 A=128 T=601856 P=0x122E28E0
C=613 A=128 T=601984 P=0x122E2978
C=614 A=128 T=602112 P=0x122E2A10
C=615 A=128 T=602240 P=0x122E2AA8
C=616 A=128 T=602368 P=0x122E2B40
C=617 A=128 T=602496 P=0x122E2BD8
C=618 A=128 T=602624 P=0x122E2C70
C=619 A=128 T=602752 P=0x122E2D08
C=620 A=128 T=602880 P=0x122E2DA0
C=621 A=128 T=603008 P=0x122E2E38
C=622 A=128 T=603136 P=0x122E2ED0
C=623 A=128 T=603264 P=0x122E2F68
C=624 A=128 T=603392 P=0x122E3000
C=625 A=128 T=603520 P=0x122E3098
C=626 A=128 T=603648 P=0x122E3130
C=627 A=128 T=603776 P=0x122E31C8
C=628 A=128 T=603904 P=0x122E3260
C=629 A=128 T=604032 P=0x122E32F8
C=630 A=128 T=604160 P=0x122E3390
C=631 A=128 T=604288 P=0x122E3428
C=632 A=128 T=604416 P=0x122E34C0
C=633 A=128 T=604544 P=0x122E3558
C=634 A=128 T=604672 P=0x122E35F0
C=635 A=128 T=604800 P=0x122E3688
C=636 A=128 T=604928 P=0x122E3720
C=637 A=128 T=605056 P=0x122E37B8
C=638 A=128 T=605184 P=0x122E3850
C=639 A=128 T=605312 P=0x122E38E8
C=640 A=128 T=605440 P=0x122E3980
C=641 A=128 T=605568 P=0x122E3A18
C=642 A=128 T=605696 P=0x122E3AB0
C=643 A=128 T=605824 P=0x122E3B48
C=644 A=128 T=605952 P=0x122E3BE0
C=645 A=128 T=606080 P=0x122E3C78
C=646 A=128 T=606208 P=0x122E3D10
C=647 A=128 T=606336 P=0x122E3DA8
C=648 A=128 T=606464 P=0x122E3E40
C=649 A=128 T=606592 P=0x122E3ED8
C=650 A=128 T=606720 P=0x122E3F70
C=651 A=128 T=606848 P=0x122E4008
C=652 A=128 T=606976 P=0x122E40A0
C=653 A=128 T=607104 P=0x122E4138
C=654 A=128 T=607232 P=0x122E41D0
C=655 A=128 T=607360 P=0x122E4268
C=656 A=128 T=607488 P=0x122E4300
C=657 A=128 T=607616 P=0x122E4398
C=658 A=128 T=607744 P=0x122E4430
C=659 A=128 T=607872 P=0x122E44C8
C=660 A=128 T=608000 P=0x122E4560
C=661 A=128 T=608128 P=0x122E45F8
C=662 A=128 T=608256 P=0x122E4690
C=663 A=128 T=608384 P=0x122E4728
C=664 A=128 T=608512 P=0x122E47C0
C=665 A=128 T=608640 P=0x122E4858
C=666 A=128 T=608768 P=0x122E48F0
C=667 A=128 T=608896 P=0x122E4988
C=668 A=128 T=609024 P=0x122E4A20
C=669 A=128 T=609152 P=0x122E4AB8
C=670 A=128 T=609280 P=0x122E4B50
C=671 A=128 T=609408 P=0x122E4BE8
C=672 A=128 T=609536 P=0x122E4C80
C=673 A=128 T=609664 P=0x122E4D18
C=674 A=128 T=609792 P=0x122E4DB0
C=675 A=128 T=609920 P=0x122E4E48
C=676 A=128 T=610048 P=0x122E4EE0
C=677 A=128 T=610176 P=0x122E4F78
C=678 A=128 T=610304 P=0x122E5010
C=679 A=128 T=610432 P=0x122E50A8
C=680 A=128 T=610560 P=0x122E5140
C=681 A=128 T=610688 P=0x122E51D8
C=682 A=128 T=610816 P=0x122E5270
C=683 A=128 T=610944 P=0x122E5308
C=684 A=128 T=611072 P=0x122E53A0
C=685 A=128 T=611200 P=0x122E5438
C=686 A=128 T=611328 P=0x122E54D0
C=687 A=128 T=611456 P=0x122E5568
C=688 A=128 T=611584 P=0x122E5600
C=689 A=128 T=611712 P=0x122E5698
C=690 A=128 T=611840 P=0x122E5730
C=691 A=128 T=611968 P=0x122E57C8
C=692 A=128 T=612096 P=0x122E5860
C=693 A=128 T=612224 P=0x122E58F8
C=694 A=128 T=612352 P=0x122E5990
C=695 A=128 T=612480 P=0x122E5A28
C=696 A=128 T=612608 P=0x122E5AC0
C=697 A=128 T=612736 P=0x122E5B58
C=698 A=128 T=612864 P=0x122E5BF0
C=699 A=128 T=612992 P=0x122E5C88
C=700 A=128 T=613120 P=0x122E5D20
C=701 A=128 T=613248 P=0x122E5DB8
C=702 A=128 T=613376 P=0x122E5E50
C=703 A=128 T=613504 P=0x122E5EE8
C=704 A=128 T=613632 P=0x122E5F80
C=705 A=128 T=613760 P=0x122E6018
C=706 A=128 T=613888 P=0x122E60B0
C=707 A=128 T=614016 P=0x122E6148
C=708 A=128 T=614144 P=0x122E61E0
C=709 A=128 T=614272 P=0x122E6278
C=710 A=128 T=614400 P=0x122E6310
C=711 A=128 T=614528 P=0x122E63A8
C=712 A=128 T=614656 P=0x122E6440
C=713 A=128 T=614784 P=0x122E64D8
C=714 A=128 T=614912 P=0x122E6570
C=715 A=128 T=615040 P=0x122E6608
C=716 A=128 T=615168 P=0x122E66A0
C=717 A=128 T=615296 P=0x122E6738
C=718 A=128 T=615424 P=0x122E67D0
C=719 A=128 T=615552 P=0x122E6868
C=720 A=128 T=615680 P=0x122E6900
C=721 A=128 T=615808 P=0x122E6998
C=722 A=128 T=615936 P=0x122E6A30
C=723 A=128 T=616064 P=0x122E6AC8
C=724 A=128 T=616192 P=0x122E6B60
C=725 A=128 T=616320 P=0x122E6BF8
C=726 A=128 T=616448 P=0x122E6C90
C=727 A=128 T=616576 P=0x122E6D28
C=728 A=128 T=616704 P=0x122E6DC0
C=729 A=128 T=616832 P=0x122E6E58
C=730 A=128 T=616960 P=0x122E6EF0
C=731 A=128 T=617088 P=0x122E6F88
C=732 A=128 T=617216 P=0x122E7020
C=733 A=128 T=617344 P=0x122E70B8
C=734 A=128 T=617472 P=0x122E7150
C=735 A=128 T=617600 P=0x122E71E8
C=736 A=128 T=617728 P=0x122E7280
C=737 A=128 T=617856 P=0x122E7318
C=738 A=128 T=617984 P=0x122E73B0
C=739 A=128 T=618112 P=0x122E7448
C=740 A=128 T=618240 P=0x122E74E0
C=741 A=128 T=618368 P=0x122E7578
C=742 A=128 T=618496 P=0x122E7610
C=743 A=128 T=618624 P=0x122E76A8
C=744 A=128 T=618752 P=0x122E7740
C=745 A=128 T=618880 P=0x122E77D8
C=746 A=128 T=619008 P=0x122E7870
C=747 A=128 T=619136 P=0x122E7908
C=748 A=128 T=619264 P=0x122E79A0
C=749 A=128 T=619392 P=0x122E7A38
C=750 A=128 T=619520 P=0x122E7AD0
C=751 A=128 T=619648 P=0x122E7B68
C=752 A=128 T=619776 P=0x122E7C00
C=753 A=128 T=619904 P=0x122E7C98
C=754 A=128 T=620032 P=0x122E7D30
C=755 A=128 T=620160 P=0x122E7DC8
C=756 A=128 T=620288 P=0x122E7E60
C=757 A=128 T=620416 P=0x122E7EF8
C=758 A=128 T=620544 P=0x122E7F90
C=759 A=128 T=620672 P=0x122E8028
C=760 A=128 T=620800 P=0x122E80C0
C=761 A=128 T=620928 P=0x122E8158
C=762 A=128 T=621056 P=0x122E81F0
C=763 A=128 T=621184 P=0x122E8288
C=764 A=128 T=621312 P=0x122E8320
C=765 A=128 T=621440 P=0x122E83B8
C=766 A=128 T=621568 P=0x122E8450
C=767 A=128 T=621696 P=0x122E84E8
C=768 A=128 T=621824 P=0x122E8580
C=769 A=128 T=621952 P=0x122E8618
C=770 A=128 T=622080 P=0x122E86B0
C=771 A=128 T=622208 P=0x122E8748
C=772 A=128 T=622336 P=0x122E87E0
C=773 A=128 T=622464 P=0x122E8878
C=774 A=128 T=622592 P=0x122E8910
C=775 A=128 T=622720 P=0x122E89A8
C=776 A=128 T=622848 P=0x122E8A40
C=777 A=128 T=622976 P=0x122E8AD8
C=778 A=128 T=623104 P=0x122E8B70
C=779 A=128 T=623232 P=0x122E8C08
C=780 A=128 T=623360 P=0x122E8CA0
C=781 A=128 T=623488 P=0x122E8D38
C=782 A=128 T=623616 P=0x122E8DD0
C=783 A=128 T=623744 P=0x122E8E68
C=784 A=128 T=623872 P=0x122E8F00
C=785 A=128 T=624000 P=0x122E8F98
C=786 A=128 T=624128 P=0x122E9030
C=787 A=128 T=624256 P=0x122E90C8
C=788 A=128 T=624384 P=0x122E9160
C=789 A=128 T=624512 P=0x122E91F8
C=790 A=128 T=624640 P=0x122E9290
C=791 A=128 T=624768 P=0x122E9328
C=792 A=128 T=624896 P=0x122E93C0
C=793 A=128 T=625024 P=0x122E9458
C=794 A=128 T=625152 P=0x122E94F0
C=795 A=128 T=625280 P=0x122E9588
C=796 A=128 T=625408 P=0x122E9620
C=797 A=128 T=625536 P=0x122E96B8
C=798 A=128 T=625664 P=0x122E9750
C=799 A=128 T=625792 P=0x122E97E8
C=800 A=128 T=625920 P=0x122E9880
C=801 A=128 T=626048 P=0x122E9918
C=802 A=128 T=626176 P=0x122E99B0
C=803 A=128 T=626304 P=0x122E9A48
C=804 A=128 T=626432 P=0x122E9AE0
C=805 A=128 T=626560 P=0x122E9B78
C=806 A=128 T=626688 P=0x122E9C10
C=807 A=128 T=626816 P=0x122E9CA8
C=808 A=128 T=626944 P=0x122E9D40
C=809 A=128 T=627072 P=0x122E9DD8
C=810 A=128 T=627200 P=0x122E9E70
C=811 A=128 T=627328 P=0x122E9F08
C=812 A=128 T=627456 P=0x122E9FA0
C=813 A=128 T=627584 P=0x122EA038
C=814 A=128 T=627712 P=0x122EA0D0
C=815 A=128 T=627840 P=0x122EA168
C=816 A=128 T=627968 P=0x122EA200
C=817 A=128 T=628096 P=0x122EA298
C=818 A=128 T=628224 P=0x122EA330
C=819 A=128 T=628352 P=0x122EA3C8
C=820 A=128 T=628480 P=0x122EA460
C=821 A=128 T=628608 P=0x122EA4F8
C=822 A=128 T=628736 P=0x122EA590
C=823 A=128 T=628864 P=0x122EA628
C=824 A=128 T=628992 P=0x122EA6C0
C=825 A=128 T=629120 P=0x122EA758
C=826 A=128 T=629248 P=0x122EA7F0
C=827 A=128 T=629376 P=0x122EA888
C=828 A=128 T=629504 P=0x122EA920
C=829 A=128 T=629632 P=0x122EA9B8
C=830 A=128 T=629760 P=0x122EAA50
C=831 A=128 T=629888 P=0x122EAAE8
C=832 A=128 T=630016 P=0x122EAB80
C=833 A=128 T=630144 P=0x122EAC18
C=834 A=128 T=630272 P=0x122EACB0
C=835 A=128 T=630400 P=0x122EAD48
C=836 A=128 T=630528 P=0x122EADE0
C=837 A=128 T=630656 P=0x122EAE78
C=838 A=128 T=630784 P=0x122EAF10
C=839 A=128 T=630912 P=0x122EAFA8
C=840 A=128 T=631040 P=0x122EB040
C=841 A=128 T=631168 P=0x122EB0D8
C=842 A=128 T=631296 P=0x122EB170
C=843 A=128 T=631424 P=0x122EB208
C=844 A=128 T=631552 P=0x122EB2A0
C=845 A=128 T=631680 P=0x122EB338
C=846 A=128 T=631808 P=0x122EB3D0
C=847 A=128 T=631936 P=0x122EB468
C=848 A=128 T=632064 P=0x122EB500
C=849 A=128 T=632192 P=0x122EB598
C=850 A=128 T=632320 P=0x122EB630
C=851 A=128 T=632448 P=0x122EB6C8
C=852 A=128 T=632576 P=0x122EB760
C=853 A=128 T=632704 P=0x122EB7F8
C=854 A=128 T=632832 P=0x122EB890
C=855 A=128 T=632960 P=0x122EB928
C=856 A=128 T=633088 P=0x122EB9C0
C=857 A=128 T=633216 P=0x122EBA58
C=858 A=128 T=633344 P=0x122EBAF0
C=859 A=128 T=633472 P=0x122EBB88
C=860 A=128 T=633600 P=0x122EBC20
C=861 A=128 T=633728 P=0x122EBCB8
C=862 A=128 T=633856 P=0x122EBD50
C=863 A=128 T=633984 P=0x122EBDE8
C=864 A=128 T=634112 P=0x122EBE80
C=865 A=128 T=634240 P=0x122EBF18
C=866 A=128 T=634368 P=0x122EBFB0
C=867 A=128 T=634496 P=0x122EC048
C=868 A=128 T=634624 P=0x122EC0E0
C=869 A=128 T=634752 P=0x122EC178
C=870 A=128 T=634880 P=0x122EC210
C=871 A=128 T=635008 P=0x122EC2A8
C=872 A=128 T=635136 P=0x122EC340
C=873 A=128 T=635264 P=0x122EC3D8
C=874 A=128 T=635392 P=0x122EC470
C=875 A=128 T=635520 P=0x122EC508
C=876 A=128 T=635648 P=0x122EC5A0
C=877 A=128 T=635776 P=0x122EC638
C=878 A=128 T=635904 P=0x122EC6D0
C=879 A=128 T=636032 P=0x122EC768
C=880 A=128 T=636160 P=0x122EC800
C=881 A=128 T=636288 P=0x122EC898
C=882 A=128 T=636416 P=0x122EC930
C=883 A=128 T=636544 P=0x122EC9C8
C=884 A=128 T=636672 P=0x122ECA60
C=885 A=128 T=636800 P=0x122ECAF8
C=886 A=128 T=636928 P=0x122ECB90
C=887 A=128 T=637056 P=0x122ECC28
C=888 A=128 T=637184 P=0x122ECCC0
C=889 A=128 T=637312 P=0x122ECD58
C=890 A=128 T=637440 P=0x122ECDF0
C=891 A=128 T=637568 P=0x122ECE88
C=892 A=128 T=637696 P=0x122ECF20
C=893 A=128 T=637824 P=0x122ECFB8
C=894 A=128 T=637952 P=0x122ED050
C=895 A=128 T=638080 P=0x122ED0E8
C=896 A=128 T=638208 P=0x122ED180
C=897 A=128 T=638336 P=0x122ED218
C=898 A=128 T=638464 P=0x122ED2B0
C=899 A=128 T=638592 P=0x122ED348
C=900 A=128 T=638720 P=0x122ED3E0
C=901 A=128 T=638848 P=0x122ED478
C=902 A=128 T=638976 P=0x122ED510
C=903 A=128 T=639104 P=0x122ED5A8
C=904 A=128 T=639232 P=0x122ED640
C=905 A=128 T=639360 P=0x122ED6D8
C=906 A=128 T=639488 P=0x122ED770
C=907 A=128 T=639616 P=0x122ED808
C=908 A=128 T=639744 P=0x122ED8A0
C=909 A=128 T=639872 P=0x122ED938
C=910 A=128 T=640000 P=0x122ED9D0
C=911 A=128 T=640128 P=0x122EDA68
C=912 A=128 T=640256 P=0x122EDB00
C=913 A=128 T=640384 P=0x122EDB98
C=914 A=128 T=640512 P=0x122EDC30
C=915 A=128 T=640640 P=0x122EDCC8
C=916 A=128 T=640768 P=0x122EDD60
C=917 A=128 T=640896 P=0x122EDDF8
C=918 A=128 T=641024 P=0x122EDE90
C=919 A=128 T=641152 P=0x122EDF28
C=920 A=128 T=641280 P=0x122EDFC0
C=921 A=128 T=641408 P=0x122EE058
C=922 A=128 T=641536 P=0x122EE0F0
C=923 A=128 T=641664 P=0x122EE188
C=924 A=128 T=641792 P=0x122EE220
C=925 A=128 T=641920 P=0x122EE2B8
C=926 A=128 T=642048 P=0x122EE350
C=927 A=128 T=642176 P=0x122EE3E8
C=928 A=128 T=642304 P=0x122EE480
C=929 A=128 T=642432 P=0x122EE518
C=930 A=128 T=642560 P=0x122EE5B0
C=931 A=128 T=642688 P=0x122EE648
C=932 A=128 T=642816 P=0x122EE6E0
C=933 A=128 T=642944 P=0x122EE778
C=934 A=128 T=643072 P=0x122EE810
C=935 A=128 T=643200 P=0x122EE8A8
C=936 A=128 T=643328 P=0x122EE940
C=937 A=128 T=643456 P=0x122EE9D8
C=938 A=128 T=643584 P=0x122EEA70
C=939 A=128 T=643712 P=0x122EEB08
C=940 A=128 T=643840 P=0x122EEBA0
C=941 A=128 T=643968 P=0x122EEC38
C=942 A=128 T=644096 P=0x122EECD0
C=943 A=128 T=644224 P=0x122EED68
C=944 A=128 T=644352 P=0x122EEE00
C=945 A=128 T=644480 P=0x122EEE98
C=946 A=128 T=644608 P=0x122EEF30
C=947 A=128 T=644736 P=0x122EEFC8
C=948 A=128 T=644864 P=0x122EF060
C=949 A=128 T=644992 P=0x122EF0F8
C=950 A=128 T=645120 P=0x122EF190
C=951 A=128 T=645248 P=0x122EF228
C=952 A=128 T=645376 P=0x122EF2C0
C=953 A=128 T=645504 P=0x122EF358
C=954 A=128 T=645632 P=0x122EF3F0
C=955 A=128 T=645760 P=0x122EF488
C=956 A=128 T=645888 P=0x122EF520
C=957 A=128 T=646016 P=0x122EF5B8
C=958 A=128 T=646144 P=0x122EF650
C=959 A=128 T=646272 P=0x122EF6E8
C=960 A=128 T=646400 P=0x122EF780
C=961 A=128 T=646528 P=0x122EF818
C=962 A=128 T=646656 P=0x122EF8B0
C=963 A=128 T=646784 P=0x122EF948
C=964 A=128 T=646912 P=0x122EF9E0
C=965 A=128 T=647040 P=0x122EFA78
C=966 A=128 T=647168 P=0x122EFB10
C=967 A=128 T=647296 P=0x122EFBA8
C=968 A=128 T=647424 P=0x122EFC40
C=969 A=128 T=647552 P=0x122EFCD8
C=970 A=128 T=647680 P=0x122EFD70
C=971 A=128 T=647808 P=0x122EFE08
C=972 A=128 T=647936 P=0x122EFEA0
C=973 A=128 T=648064 P=0x122EFF38
C=974 A=128 T=648192 P=0x122EFFD0
C=975 A=128 T=648320 P=0x122F0068
C=976 A=128 T=648448 P=0x122F0100
C=977 A=128 T=648576 P=0x122F0198
C=978 A=128 T=648704 P=0x122F0230
C=979 A=128 T=648832 P=0x122F02C8
C=980 A=128 T=648960 P=0x122F0360
C=981 A=128 T=649088 P=0x122F03F8
C=982 A=128 T=649216 P=0x122F0490
C=983 A=128 T=649344 P=0x122F0528
C=984 A=128 T=649472 P=0x122F05C0
C=985 A=128 T=649600 P=0x122F0658
C=986 A=128 T=649728 P=0x122F06F0
C=987 A=128 T=649856 P=0x122F0788
C=988 A=128 T=649984 P=0x122F0820
C=989 A=128 T=650112 P=0x122F08B8
C=990 A=128 T=650240 P=0x122F0950
C=991 A=128 T=650368 P=0x122F09E8
C=992 A=128 T=650496 P=0x122F0A80
C=993 A=128 T=650624 P=0x122F0B18
C=994 A=128 T=650752 P=0x122F0BB0
C=995 A=128 T=650880 P=0x122F0C48
C=996 A=128 T=651008 P=0x122F0CE0
C=997 A=128 T=651136 P=0x122F0D78
C=998 A=128 T=651264 P=0x122F0E10
C=999 A=128 T=651392 P=0x122F0EA8
C=1000 A=128 T=651520 P=0x122F0F40
C=1001 A=128 T=651648 P=0x122F0FD8
C=1002 A=128 T=651776 P=0x122F1070
C=1003 A=128 T=651904 P=0x122F1108
C=1004 A=128 T=652032 P=0x122F11A0
C=1005 A=128 T=652160 P=0x122F1238
C=1006 A=128 T=652288 P=0x122F12D0
C=1007 A=128 T=652416 P=0x122F1368
C=1008 A=128 T=652544 P=0x122F1400
C=1009 A=128 T=652672 P=0x122F1498
C=1010 A=128 T=652800 P=0x122F1530
C=1011 A=128 T=652928 P=0x122F15C8
C=1012 A=128 T=653056 P=0x122F1660
C=1013 A=128 T=653184 P=0x122F16F8
C=1014 A=128 T=653312 P=0x122F1790
C=1015 A=128 T=653440 P=0x122F1828
C=1016 A=128 T=653568 P=0x122F18C0
C=1017 A=128 T=653696 P=0x122F1958
C=1018 A=128 T=653824 P=0x122F19F0
C=1019 A=128 T=653952 P=0x122F1A88
C=1020 A=128 T=654080 P=0x122F1B20
C=1021 A=128 T=654208 P=0x122F1BB8
C=1022 A=128 T=654336 P=0x122F1C50
C=1023 A=128 T=654464 P=0x122F1CE8
C=1024 A=128 T=654592 P=0x122F1D80
PMIN=0x122D8468 PMAX=0x124A65F8 RGN=0x1CE190 RGD=1892752
Trying to allocate yeti 212944 bytes.
Error: Cannot allocate yeti data.
Trying to allocate texture 131072 bytes.
Error: Cannot allocate textures array.
Error: Cannot read 'Yeti3D.tex' file.
Trying to allocate LUA 32768 bytes.
Error: Cannot read 'Yeti3D.lua' file.
Trying to allocate reciprocal 65536 bytes.
Error: Cannot read 'Yeti3D.rec' file.
Trying to allocate sintable 8192 bytes.
Error: Cannot read 'Yeti3D.sin' file.
Trying to allocate spr_00 1430 bytes.
Trying to allocate spr_01 1430 bytes.
Trying to allocate spr_02 1430 bytes.
Trying to allocate spr_03 1430 bytes.
Trying to allocate spr_ball1 32772 bytes.
Error: Cannot read 'Yeti3D.spr' file.
Trying to allocate map 65664 bytes.
Error: Cannot allocate map array!
Error: Cannot read 'Yeti3D.map' file.
Free: LUA memory.
Free: reciprocal memory.
Free: sintable memory.
Free: spr_00 memory.
Free: spr_01 memory.
Free: spr_02 memory.
Free: spr_03 memory.
Free: spr_ball1 memory.
Free: ATI Bitmap memory.
Free: ATI Driver Info memory.
