Vanilla Yeti3D:

212944 - Yeti3D RAM
131072 - Textures
32768 - LUA
65536 - Reciprocial
8192 - Sintable
1430 - Sprite 1
1430 - Sprite 2
1430 - Sprite 3
1430 - Sprite 4
32772 - Sprite Ball 1
65664 - Map
554668 - Total

212944 + 131072 + 32768 + 65536 + 8192 + 1430 + 1430 + 1430 + 1430 + 32772 + 65664 + ELF CODE

Phase 0 Optimize: Done
~ 554668

Phase 1 Optimize: Done
~ 450512

Phase 3 Optimize: Done
88624 + 131072 + 32768 + 65536 + 8192 + 65664
~ 391856

Phase 5 Optimize: Progress
88624 + 131072 + 32768 + 16384 + 4096
~ 272944

Looks like I found how to use Java Heap memory. Therefore, these optimizations are not needed.
