# Vanilla Yeti3D Memory Usage

212944 - Yeti3D RAM
131072 - Textures
32768  - LUA
65536  - Reciprocial
8192   - Sintable
1430   - Sprite 1
1430   - Sprite 2
1430   - Sprite 3
1430   - Sprite 4
32772  - Sprite Ball 1
65664  - Map
44128  - Elf Code

212944 + 131072 + 32768 + 65536 + 8192 + 1430 + 1430 + 1430 + 1430 + 32772 + 65664 + 44128

Total: 598796 bytes, ~600 Kb RAM

# Optimized Yeti3D Memory Usage

88624 - Yeti3D RAM
131072 - Textures
32768  - LUA
65536  - Reciprocial
8192   - Sintable
65664  - Map
32028  - Elf Code

88624 + 131072 + 32768 + 65536 + 8192 + 65664 + 32028

Total: 423884 bytes, ~423 Kb RAM

# Old Logs

Phase 0 Optimize: Done
~ 554668

Phase 1 Optimize: Done
~ 450512

Phase 3 Optimize: Done
88624 + 131072 + 32768 + 65536 + 8192 + 65664
~ 391856

Phase 5 Optimize: Progress
88624 + 131072 + 32768 + 16384 + 4096
~ 272944

Looks like I found how to use Java Heap memory. Therefore, these optimizations are not needed.
