ATI Driver Name: ATI Handheld Interface
ATI Driver Version: 2.03.050408.40228
ATI S/W Revision: 0 (0x00000000)
ATI Chip ID: 1447366658 (0x56451002)
ATI Revision ID: 1 (0x00000001)
ATI CPU Bus Interface Mode: 4 (0x00000004)
ATI Total Memory: 196608 (192 KiB)
ATI Internal Memory: 196608 (192 KiB)
ATI External Memory: 0 (0 KiB)
ATI CAPS 1: 0 (0x00000000)
ATI CAPS 2: 1 (0x00000001)
ATI Internal Memory Largest Block: result=0, size=3320, size=3 KiB, align=8
ATI External Memory Largest Block: result=2, size=3320, size=3 KiB, align=8
ATI Display Mode: size=176x220, pixel_format=5, frequency=60, rotation=0, mirror=0
ATI Surface Info: width=176, height=220, pixFormat=5, byteSize=77440, byteSize=75 KiB
ATI Surface Info: offset=1064192, stride=352, numPlanes=1
C=1 E=131072 T=0
C=2 A=65536 T=65536 P=0x124877E8
C=3 A=65536 T=131072 P=0x1249A6A4
C=4 A=65536 T=196608 P=0x124AD560
C=5 A=65536 T=262144 P=0x124C041C
C=6 E=65536 T=262144
C=7 E=32768 T=262144
C=8 A=16384 T=278528 P=0x12479950
C=9 A=16384 T=294912 P=0x1247E094
C=10 A=16384 T=311296 P=0x124827D8
C=11 E=16384 T=311296
C=12 E=8192 T=311296
C=13 A=4096 T=315392 P=0x12440BF4
C=14 A=4096 T=319488 P=0x12441E50
C=15 A=4096 T=323584 P=0x124430AC
C=16 A=4096 T=327680 P=0x12447A40
C=17 A=4096 T=331776 P=0x124495DC
C=18 A=4096 T=335872 P=0x1244B178
C=19 A=4096 T=339968 P=0x1244CD14
C=20 A=4096 T=344064 P=0x1244E8B0
C=21 A=4096 T=348160 P=0x1245413C
C=22 A=4096 T=352256 P=0x12455FB4
C=23 A=4096 T=356352 P=0x12457E2C
C=24 A=4096 T=360448 P=0x12459CA4
C=25 A=4096 T=364544 P=0x1245BB1C
C=26 A=4096 T=368640 P=0x1245D994
C=27 A=4096 T=372736 P=0x1245F80C
C=28 A=4096 T=376832 P=0x12461684
C=29 E=4096 T=376832
C=30 A=2048 T=378880 P=0x12432064
C=31 A=2048 T=380928 P=0x12432D6C
C=32 A=2048 T=382976 P=0x12433A74
C=33 A=2048 T=385024 P=0x1243477C
C=34 A=2048 T=387072 P=0x12435484
C=35 A=2048 T=389120 P=0x1243618C
C=36 A=2048 T=391168 P=0x12436E94
C=37 A=2048 T=393216 P=0x12437B9C
C=38 A=2048 T=395264 P=0x124388A4
C=39 A=2048 T=397312 P=0x124395AC
C=40 A=2048 T=399360 P=0x1243A2B4
C=41 A=2048 T=401408 P=0x1243AFBC
C=42 A=2048 T=403456 P=0x1243BCC4
C=43 A=2048 T=405504 P=0x1243C9CC
C=44 A=2048 T=407552 P=0x1243D6D4
C=45 A=2048 T=409600 P=0x1243E41C
C=46 A=2048 T=411648 P=0x1243F164
C=47 A=2048 T=413696 P=0x1243FEAC
C=48 E=2048 T=413696
C=49 A=1024 T=414720 P=0x12425728
C=50 A=1024 T=415744 P=0x12425B30
C=51 A=1024 T=416768 P=0x12425F38
C=52 A=1024 T=417792 P=0x12426340
C=53 A=1024 T=418816 P=0x12426748
C=54 A=1024 T=419840 P=0x12426B50
C=55 A=1024 T=420864 P=0x12428318
C=56 A=1024 T=421888 P=0x12428D40
C=57 A=1024 T=422912 P=0x1242882C
C=58 A=1024 T=423936 P=0x12429254
C=59 A=1024 T=424960 P=0x12429768
C=60 A=1024 T=425984 P=0x12429C7C
C=61 A=1024 T=427008 P=0x1242A190
C=62 A=1024 T=428032 P=0x1242A6A4
C=63 A=1024 T=429056 P=0x1242ABB8
C=64 A=1024 T=430080 P=0x1242B0CC
C=65 A=1024 T=431104 P=0x1242B5E0
C=66 A=1024 T=432128 P=0x1242BAF4
C=67 A=1024 T=433152 P=0x1242C13C
C=68 A=1024 T=434176 P=0x1242C784
C=69 A=1024 T=435200 P=0x1242CDCC
C=70 A=1024 T=436224 P=0x1242D414
C=71 A=1024 T=437248 P=0x1242DA5C
C=72 A=1024 T=438272 P=0x1242E0A4
C=73 A=1024 T=439296 P=0x1242E6EC
C=74 A=1024 T=440320 P=0x1242ED34
C=75 A=1024 T=441344 P=0x1242F37C
C=76 A=1024 T=442368 P=0x1242F9C4
C=77 A=1024 T=443392 P=0x1243000C
C=78 E=1024 T=443392
C=79 A=512 T=443904 P=0x1241ECD8
C=80 A=512 T=444416 P=0x1241E54C
C=81 A=512 T=444928 P=0x1241F1E0
C=82 A=512 T=445440 P=0x1241DB3C
C=83 A=512 T=445952 P=0x1241D8B8
C=84 A=512 T=446464 P=0x1241E044
C=85 A=512 T=446976 P=0x12422BFC
C=86 A=512 T=447488 P=0x12422F70
C=87 A=512 T=448000 P=0x124232E4
C=88 A=512 T=448512 P=0x12423658
C=89 A=512 T=449024 P=0x124239CC
C=90 A=512 T=449536 P=0x12423D40
C=91 A=512 T=450048 P=0x124240B4
C=92 A=512 T=450560 P=0x12424428
C=93 A=512 T=451072 P=0x1242479C
C=94 E=512 T=451072
C=95 A=256 T=451328 P=0x12411C4C
C=96 A=256 T=451584 P=0x12411B2C
C=97 A=256 T=451840 P=0x12411A0C
C=98 A=256 T=452096 P=0x1241110C
C=99 A=256 T=452352 P=0x1241122C
C=100 A=256 T=452608 P=0x1241134C
C=101 A=256 T=452864 P=0x12410FEC
C=102 A=256 T=453120 P=0x1241158C
C=103 A=256 T=453376 P=0x124116AC
C=104 A=256 T=453632 P=0x124117CC
C=105 A=256 T=453888 P=0x124118EC
C=106 A=256 T=454144 P=0x124106EC
C=107 A=256 T=454400 P=0x12411D6C
C=108 A=256 T=454656 P=0x12411E8C
C=109 A=256 T=454912 P=0x12411FAC
C=110 A=256 T=455168 P=0x124120CC
C=111 A=256 T=455424 P=0x124121EC
C=112 A=256 T=455680 P=0x1241230C
C=113 A=256 T=455936 P=0x1241242C
C=114 A=256 T=456192 P=0x1241254C
C=115 A=256 T=456448 P=0x1241266C
C=116 A=256 T=456704 P=0x124130F4
C=117 A=256 T=456960 P=0x12413D0C
C=118 A=256 T=457216 P=0x12414924
C=119 A=256 T=457472 P=0x12415944
C=120 A=256 T=457728 P=0x12415134
C=121 A=256 T=457984 P=0x12415694
C=122 A=256 T=458240 P=0x124134FC
C=123 A=256 T=458496 P=0x1241324C
C=124 A=256 T=458752 P=0x124147CC
C=125 A=256 T=459008 P=0x12414FDC
C=126 A=256 T=459264 P=0x12414674
C=127 A=256 T=459520 P=0x12413A5C
C=128 A=256 T=459776 P=0x12415A9C
C=129 A=256 T=460032 P=0x12415BF4
C=130 A=256 T=460288 P=0x12415D4C
C=131 A=256 T=460544 P=0x124143C4
C=132 A=256 T=460800 P=0x12413904
C=133 A=256 T=461056 P=0x1241426C
C=134 A=256 T=461312 P=0x12414E84
C=135 A=256 T=461568 P=0x124133A4
C=136 A=256 T=461824 P=0x12414D2C
C=137 A=256 T=462080 P=0x12414BD4
C=138 A=256 T=462336 P=0x12414A7C
C=139 A=256 T=462592 P=0x12413BB4
C=140 A=256 T=462848 P=0x12413E64
C=141 A=256 T=463104 P=0x12413FBC
C=142 A=256 T=463360 P=0x12415EA4
C=143 A=256 T=463616 P=0x12415FFC
C=144 A=256 T=463872 P=0x12416154
C=145 A=256 T=464128 P=0x124162AC
C=146 A=256 T=464384 P=0x12416404
C=147 A=256 T=464640 P=0x1241655C
C=148 A=256 T=464896 P=0x124166B4
C=149 A=256 T=465152 P=0x1241680C
C=150 A=256 T=465408 P=0x12416964
C=151 A=256 T=465664 P=0x12416ABC
C=152 A=256 T=465920 P=0x12416C14
C=153 A=256 T=466176 P=0x12416D6C
C=154 A=256 T=466432 P=0x12416EC4
C=155 A=256 T=466688 P=0x1241701C
C=156 A=256 T=466944 P=0x12417174
C=157 A=256 T=467200 P=0x124172CC
C=158 A=256 T=467456 P=0x12417424
C=159 A=256 T=467712 P=0x1241757C
C=160 A=256 T=467968 P=0x124176D4
C=161 A=256 T=468224 P=0x1241782C
C=162 A=256 T=468480 P=0x12417984
C=163 A=256 T=468736 P=0x12417ADC
C=164 A=256 T=468992 P=0x12417C34
C=165 A=256 T=469248 P=0x12417D8C
C=166 A=256 T=469504 P=0x12417EE4
C=167 A=256 T=469760 P=0x1241803C
C=168 A=256 T=470016 P=0x12418194
C=169 A=256 T=470272 P=0x124182EC
C=170 A=256 T=470528 P=0x12418444
C=171 A=256 T=470784 P=0x1241859C
C=172 A=256 T=471040 P=0x124186F4
C=173 A=256 T=471296 P=0x1241884C
C=174 A=256 T=471552 P=0x124189A4
C=175 A=256 T=471808 P=0x12418AFC
C=176 A=256 T=472064 P=0x12418C54
C=177 A=256 T=472320 P=0x12418DAC
C=178 A=256 T=472576 P=0x12418F04
C=179 A=256 T=472832 P=0x1241905C
C=180 A=256 T=473088 P=0x124191B4
C=181 A=256 T=473344 P=0x1241930C
C=182 A=256 T=473600 P=0x12419464
C=183 A=256 T=473856 P=0x124195BC
C=184 A=256 T=474112 P=0x12419714
C=185 A=256 T=474368 P=0x1241986C
C=186 A=256 T=474624 P=0x124199C4
C=187 A=256 T=474880 P=0x12419B1C
C=188 A=256 T=475136 P=0x12419C74
C=189 A=256 T=475392 P=0x12419DCC
C=190 A=256 T=475648 P=0x12419F24
C=191 A=256 T=475904 P=0x1241A07C
C=192 A=256 T=476160 P=0x1241A1D4
C=193 A=256 T=476416 P=0x1241A32C
C=194 A=256 T=476672 P=0x1241A484
C=195 A=256 T=476928 P=0x1241A5DC
C=196 A=256 T=477184 P=0x1241A734
C=197 A=256 T=477440 P=0x1241A88C
C=198 A=256 T=477696 P=0x1241A9E4
C=199 A=256 T=477952 P=0x1241AB3C
C=200 A=256 T=478208 P=0x1241AC94
C=201 A=256 T=478464 P=0x1241ADEC
C=202 A=256 T=478720 P=0x1241AF44
C=203 A=256 T=478976 P=0x1241B09C
C=204 A=256 T=479232 P=0x1241B1F4
C=205 A=256 T=479488 P=0x1241B34C
C=206 A=256 T=479744 P=0x1241B4A4
C=207 A=256 T=480000 P=0x1241B5FC
C=208 A=256 T=480256 P=0x1241B754
C=209 A=256 T=480512 P=0x1241B8AC
C=210 A=256 T=480768 P=0x1241BA04
C=211 A=256 T=481024 P=0x1241BB5C
C=212 A=256 T=481280 P=0x1241BCB4
C=213 A=256 T=481536 P=0x1241BE0C
C=214 A=256 T=481792 P=0x1241BF64
C=215 A=256 T=482048 P=0x1241C0BC
C=216 E=256 T=482048
C=217 A=128 T=482176 P=0x123FCE5C
C=218 A=128 T=482304 P=0x123FD1EC
C=219 A=128 T=482432 P=0x123FD024
C=220 A=128 T=482560 P=0x123FCF8C
C=221 A=128 T=482688 P=0x123FD0BC
C=222 A=128 T=482816 P=0x123FD284
C=223 A=128 T=482944 P=0x123FD31C
C=224 A=128 T=483072 P=0x123FD3B4
C=225 A=128 T=483200 P=0x123FD44C
C=226 A=128 T=483328 P=0x123FD4E4
C=227 A=128 T=483456 P=0x123FD57C
C=228 A=128 T=483584 P=0x123FD614
C=229 A=128 T=483712 P=0x123FD6AC
C=230 A=128 T=483840 P=0x123FD744
C=231 A=128 T=483968 P=0x123FD7DC
C=232 A=128 T=484096 P=0x123FD874
C=233 A=128 T=484224 P=0x123FD90C
C=234 A=128 T=484352 P=0x123FD9A4
C=235 A=128 T=484480 P=0x123FDA3C
C=236 A=128 T=484608 P=0x123FDAD4
C=237 A=128 T=484736 P=0x123FDB6C
C=238 A=128 T=484864 P=0x123FDC04
C=239 A=128 T=484992 P=0x123FDC9C
C=240 A=128 T=485120 P=0x123FDD34
C=241 A=128 T=485248 P=0x123FDDCC
C=242 A=128 T=485376 P=0x123FDE64
C=243 A=128 T=485504 P=0x123FDEFC
C=244 A=128 T=485632 P=0x123FDF94
C=245 A=128 T=485760 P=0x123FE02C
C=246 A=128 T=485888 P=0x123FE0C4
C=247 A=128 T=486016 P=0x123FE15C
C=248 A=128 T=486144 P=0x123FE1F4
C=249 A=128 T=486272 P=0x123FE28C
C=250 A=128 T=486400 P=0x123FE324
C=251 A=128 T=486528 P=0x123FE3BC
C=252 A=128 T=486656 P=0x123FE454
C=253 A=128 T=486784 P=0x123FE4EC
C=254 A=128 T=486912 P=0x123FE584
C=255 A=128 T=487040 P=0x123FE61C
C=256 A=128 T=487168 P=0x123FE6B4
C=257 A=128 T=487296 P=0x123FE74C
C=258 A=128 T=487424 P=0x123FE7E4
C=259 A=128 T=487552 P=0x123FE87C
C=260 A=128 T=487680 P=0x123FE914
C=261 A=128 T=487808 P=0x123FE9AC
C=262 A=128 T=487936 P=0x123FEA44
C=263 A=128 T=488064 P=0x123FEADC
C=264 A=128 T=488192 P=0x123FEB74
C=265 A=128 T=488320 P=0x123FEC0C
C=266 A=128 T=488448 P=0x123FECA4
C=267 A=128 T=488576 P=0x123FED3C
C=268 A=128 T=488704 P=0x123FEDD4
C=269 A=128 T=488832 P=0x123FEE6C
C=270 A=128 T=488960 P=0x123FEF04
C=271 A=128 T=489088 P=0x123FEF9C
C=272 A=128 T=489216 P=0x123FF034
C=273 A=128 T=489344 P=0x123FF0CC
C=274 A=128 T=489472 P=0x123FF164
C=275 A=128 T=489600 P=0x123FF1FC
C=276 A=128 T=489728 P=0x123FF294
C=277 A=128 T=489856 P=0x123FF32C
C=278 A=128 T=489984 P=0x123FF3C4
C=279 A=128 T=490112 P=0x123FF45C
C=280 A=128 T=490240 P=0x123FF4F4
C=281 A=128 T=490368 P=0x123FF58C
C=282 A=128 T=490496 P=0x123FF624
C=283 A=128 T=490624 P=0x123FF6BC
C=284 A=128 T=490752 P=0x123FF754
C=285 A=128 T=490880 P=0x123FF7EC
C=286 A=128 T=491008 P=0x123FF884
C=287 A=128 T=491136 P=0x123FF91C
C=288 A=128 T=491264 P=0x123FF9B4
C=289 A=128 T=491392 P=0x123FFA4C
C=290 A=128 T=491520 P=0x123FFAE4
C=291 A=128 T=491648 P=0x123FFB7C
C=292 A=128 T=491776 P=0x123FFC14
C=293 A=128 T=491904 P=0x123FFCAC
C=294 A=128 T=492032 P=0x123FFD44
C=295 A=128 T=492160 P=0x123FFDDC
C=296 A=128 T=492288 P=0x123FFE74
C=297 A=128 T=492416 P=0x123FFF0C
C=298 A=128 T=492544 P=0x123FFFA4
C=299 A=128 T=492672 P=0x1240003C
C=300 A=128 T=492800 P=0x124000D4
C=301 A=128 T=492928 P=0x1240016C
C=302 A=128 T=493056 P=0x12400204
C=303 A=128 T=493184 P=0x1240029C
C=304 A=128 T=493312 P=0x12400334
C=305 A=128 T=493440 P=0x124003CC
C=306 A=128 T=493568 P=0x12400464
C=307 A=128 T=493696 P=0x124004FC
C=308 A=128 T=493824 P=0x12400594
C=309 A=128 T=493952 P=0x1240062C
C=310 A=128 T=494080 P=0x124006C4
C=311 A=128 T=494208 P=0x1240075C
C=312 A=128 T=494336 P=0x124007F4
C=313 A=128 T=494464 P=0x1240088C
C=314 A=128 T=494592 P=0x12400924
C=315 A=128 T=494720 P=0x124009BC
C=316 A=128 T=494848 P=0x12400A54
C=317 A=128 T=494976 P=0x12400AEC
C=318 A=128 T=495104 P=0x12400B84
C=319 A=128 T=495232 P=0x12400C1C
C=320 A=128 T=495360 P=0x12400CB4
C=321 A=128 T=495488 P=0x12400D4C
C=322 A=128 T=495616 P=0x12400DE4
C=323 A=128 T=495744 P=0x12400E7C
C=324 A=128 T=495872 P=0x12400F14
C=325 A=128 T=496000 P=0x12400FAC
C=326 A=128 T=496128 P=0x12401044
C=327 A=128 T=496256 P=0x124010DC
C=328 A=128 T=496384 P=0x12401174
C=329 A=128 T=496512 P=0x1240120C
C=330 A=128 T=496640 P=0x124012A4
C=331 A=128 T=496768 P=0x1240133C
C=332 A=128 T=496896 P=0x124013D4
C=333 A=128 T=497024 P=0x1240146C
C=334 A=128 T=497152 P=0x12401504
C=335 A=128 T=497280 P=0x1240159C
C=336 A=128 T=497408 P=0x12401634
C=337 A=128 T=497536 P=0x124016CC
C=338 A=128 T=497664 P=0x12401764
C=339 A=128 T=497792 P=0x124017FC
C=340 A=128 T=497920 P=0x12401894
C=341 A=128 T=498048 P=0x1240192C
C=342 A=128 T=498176 P=0x124019C4
C=343 A=128 T=498304 P=0x12401A5C
C=344 A=128 T=498432 P=0x12401AF4
C=345 A=128 T=498560 P=0x12401B8C
C=346 A=128 T=498688 P=0x12401C24
C=347 A=128 T=498816 P=0x12401CBC
C=348 A=128 T=498944 P=0x12401D54
C=349 A=128 T=499072 P=0x12401DEC
C=350 A=128 T=499200 P=0x12401E84
C=351 A=128 T=499328 P=0x12401F1C
C=352 A=128 T=499456 P=0x12401FB4
C=353 A=128 T=499584 P=0x1240204C
C=354 A=128 T=499712 P=0x124020E4
C=355 A=128 T=499840 P=0x1240217C
C=356 A=128 T=499968 P=0x12402214
C=357 A=128 T=500096 P=0x124022AC
C=358 A=128 T=500224 P=0x12402344
C=359 A=128 T=500352 P=0x124023DC
C=360 A=128 T=500480 P=0x12402474
C=361 A=128 T=500608 P=0x1240250C
C=362 A=128 T=500736 P=0x124025A4
C=363 A=128 T=500864 P=0x1240263C
C=364 A=128 T=500992 P=0x124026D4
C=365 A=128 T=501120 P=0x1240276C
C=366 A=128 T=501248 P=0x12402804
C=367 A=128 T=501376 P=0x1240289C
C=368 A=128 T=501504 P=0x12402934
C=369 A=128 T=501632 P=0x124029CC
C=370 A=128 T=501760 P=0x12402A64
C=371 A=128 T=501888 P=0x12402AFC
C=372 A=128 T=502016 P=0x12402B94
C=373 A=128 T=502144 P=0x12402C2C
C=374 A=128 T=502272 P=0x12402CC4
C=375 A=128 T=502400 P=0x12402D5C
C=376 A=128 T=502528 P=0x12402DF4
C=377 A=128 T=502656 P=0x12402E8C
C=378 A=128 T=502784 P=0x12402F24
C=379 A=128 T=502912 P=0x12402FBC
C=380 A=128 T=503040 P=0x12403054
C=381 A=128 T=503168 P=0x124030EC
C=382 A=128 T=503296 P=0x12403184
C=383 A=128 T=503424 P=0x1240321C
C=384 A=128 T=503552 P=0x124032B4
C=385 A=128 T=503680 P=0x1240334C
C=386 A=128 T=503808 P=0x124033E4
C=387 A=128 T=503936 P=0x1240347C
C=388 A=128 T=504064 P=0x12403514
C=389 A=128 T=504192 P=0x124035AC
C=390 A=128 T=504320 P=0x12403644
C=391 A=128 T=504448 P=0x124036DC
C=392 A=128 T=504576 P=0x12403774
C=393 A=128 T=504704 P=0x1240380C
C=394 A=128 T=504832 P=0x124038A4
C=395 A=128 T=504960 P=0x1240393C
C=396 A=128 T=505088 P=0x124039D4
C=397 A=128 T=505216 P=0x12403A6C
C=398 A=128 T=505344 P=0x12403B04
C=399 A=128 T=505472 P=0x12403B9C
C=400 A=128 T=505600 P=0x12403C34
C=401 A=128 T=505728 P=0x12403CCC
C=402 A=128 T=505856 P=0x12403D64
C=403 A=128 T=505984 P=0x12403DFC
C=404 A=128 T=506112 P=0x12403E94
C=405 A=128 T=506240 P=0x12403F2C
C=406 A=128 T=506368 P=0x12403FC4
C=407 A=128 T=506496 P=0x1240405C
C=408 A=128 T=506624 P=0x124040F4
C=409 A=128 T=506752 P=0x1240418C
C=410 A=128 T=506880 P=0x12404224
C=411 A=128 T=507008 P=0x124042BC
C=412 A=128 T=507136 P=0x12404354
C=413 A=128 T=507264 P=0x124043EC
C=414 A=128 T=507392 P=0x12404484
C=415 A=128 T=507520 P=0x1240451C
C=416 A=128 T=507648 P=0x124045B4
C=417 A=128 T=507776 P=0x1240464C
C=418 A=128 T=507904 P=0x124046E4
C=419 A=128 T=508032 P=0x1240477C
C=420 A=128 T=508160 P=0x12404814
C=421 A=128 T=508288 P=0x124048AC
C=422 A=128 T=508416 P=0x12404944
C=423 A=128 T=508544 P=0x124049DC
C=424 A=128 T=508672 P=0x12404A74
C=425 A=128 T=508800 P=0x12404B0C
C=426 A=128 T=508928 P=0x12404BA4
C=427 A=128 T=509056 P=0x12404C3C
C=428 A=128 T=509184 P=0x12404CD4
C=429 A=128 T=509312 P=0x12404D6C
C=430 A=128 T=509440 P=0x12404E04
C=431 A=128 T=509568 P=0x12404E9C
C=432 A=128 T=509696 P=0x12404F34
C=433 A=128 T=509824 P=0x12404FCC
C=434 A=128 T=509952 P=0x12405064
C=435 A=128 T=510080 P=0x124050FC
C=436 A=128 T=510208 P=0x12405194
C=437 A=128 T=510336 P=0x1240522C
C=438 A=128 T=510464 P=0x124052C4
C=439 A=128 T=510592 P=0x1240535C
C=440 A=128 T=510720 P=0x124053F4
C=441 A=128 T=510848 P=0x1240548C
C=442 A=128 T=510976 P=0x12405524
C=443 A=128 T=511104 P=0x124055BC
C=444 A=128 T=511232 P=0x12405654
C=445 A=128 T=511360 P=0x124056EC
C=446 A=128 T=511488 P=0x12405784
C=447 A=128 T=511616 P=0x1240581C
C=448 A=128 T=511744 P=0x124058B4
C=449 A=128 T=511872 P=0x1240594C
C=450 A=128 T=512000 P=0x124059E4
C=451 A=128 T=512128 P=0x12405A7C
C=452 A=128 T=512256 P=0x12405B14
C=453 A=128 T=512384 P=0x12405BAC
C=454 A=128 T=512512 P=0x12405C44
C=455 A=128 T=512640 P=0x12405CDC
C=456 A=128 T=512768 P=0x12405D74
C=457 A=128 T=512896 P=0x12405E0C
C=458 A=128 T=513024 P=0x12405EA4
C=459 A=128 T=513152 P=0x12405F3C
C=460 A=128 T=513280 P=0x12405FD4
C=461 A=128 T=513408 P=0x1240606C
C=462 A=128 T=513536 P=0x12406104
C=463 A=128 T=513664 P=0x1240619C
C=464 A=128 T=513792 P=0x12406234
C=465 A=128 T=513920 P=0x124062CC
C=466 A=128 T=514048 P=0x12406364
C=467 A=128 T=514176 P=0x124063FC
C=468 A=128 T=514304 P=0x12406494
C=469 A=128 T=514432 P=0x1240652C
C=470 A=128 T=514560 P=0x124065C4
C=471 A=128 T=514688 P=0x1240665C
C=472 A=128 T=514816 P=0x124066F4
C=473 A=128 T=514944 P=0x1240678C
C=474 A=128 T=515072 P=0x12406824
C=475 A=128 T=515200 P=0x124068BC
C=476 A=128 T=515328 P=0x12406954
C=477 A=128 T=515456 P=0x124069EC
C=478 A=128 T=515584 P=0x12406A84
C=479 A=128 T=515712 P=0x12406B1C
C=480 A=128 T=515840 P=0x12406BB4
C=481 A=128 T=515968 P=0x12406C4C
C=482 A=128 T=516096 P=0x12406CE4
C=483 A=128 T=516224 P=0x12406D7C
C=484 A=128 T=516352 P=0x12406E14
C=485 A=128 T=516480 P=0x12406EAC
C=486 A=128 T=516608 P=0x12406F44
C=487 A=128 T=516736 P=0x12406FDC
C=488 A=128 T=516864 P=0x12407074
C=489 A=128 T=516992 P=0x1240710C
C=490 A=128 T=517120 P=0x124071A4
C=491 A=128 T=517248 P=0x1240723C
C=492 A=128 T=517376 P=0x124072D4
C=493 A=128 T=517504 P=0x1240736C
C=494 A=128 T=517632 P=0x12407404
C=495 A=128 T=517760 P=0x1240749C
C=496 A=128 T=517888 P=0x12407534
C=497 A=128 T=518016 P=0x124075CC
C=498 A=128 T=518144 P=0x12407664
C=499 A=128 T=518272 P=0x124076FC
C=500 A=128 T=518400 P=0x12407794
C=501 A=128 T=518528 P=0x1240782C
C=502 A=128 T=518656 P=0x124078C4
C=503 A=128 T=518784 P=0x1240795C
C=504 A=128 T=518912 P=0x124079F4
C=505 A=128 T=519040 P=0x12407A8C
C=506 A=128 T=519168 P=0x12407B24
C=507 A=128 T=519296 P=0x12407BBC
C=508 A=128 T=519424 P=0x12407C54
C=509 A=128 T=519552 P=0x12407CEC
C=510 A=128 T=519680 P=0x12407D84
C=511 A=128 T=519808 P=0x12407E1C
C=512 A=128 T=519936 P=0x12407EB4
C=513 A=128 T=520064 P=0x12407F4C
C=514 A=128 T=520192 P=0x12407FE4
C=515 A=128 T=520320 P=0x1240807C
C=516 A=128 T=520448 P=0x12408114
C=517 A=128 T=520576 P=0x124081AC
C=518 A=128 T=520704 P=0x12408244
C=519 A=128 T=520832 P=0x124082DC
C=520 A=128 T=520960 P=0x12408374
C=521 A=128 T=521088 P=0x1240840C
C=522 A=128 T=521216 P=0x124084A4
C=523 A=128 T=521344 P=0x1240853C
C=524 A=128 T=521472 P=0x124085D4
C=525 A=128 T=521600 P=0x1240866C
C=526 A=128 T=521728 P=0x12408704
C=527 A=128 T=521856 P=0x1240879C
C=528 A=128 T=521984 P=0x12408834
C=529 A=128 T=522112 P=0x124088CC
C=530 A=128 T=522240 P=0x12408964
C=531 A=128 T=522368 P=0x124089FC
C=532 A=128 T=522496 P=0x12408A94
C=533 A=128 T=522624 P=0x12408B2C
C=534 A=128 T=522752 P=0x12408BC4
C=535 A=128 T=522880 P=0x12408C5C
C=536 A=128 T=523008 P=0x12408CF4
C=537 A=128 T=523136 P=0x12408D8C
C=538 A=128 T=523264 P=0x12408E24
C=539 A=128 T=523392 P=0x12408EBC
C=540 A=128 T=523520 P=0x12408F54
C=541 A=128 T=523648 P=0x12408FEC
C=542 A=128 T=523776 P=0x12409084
C=543 A=128 T=523904 P=0x1240911C
C=544 A=128 T=524032 P=0x124091B4
C=545 A=128 T=524160 P=0x1240924C
C=546 A=128 T=524288 P=0x124092E4
C=547 A=128 T=524416 P=0x1240937C
C=548 A=128 T=524544 P=0x12409414
C=549 A=128 T=524672 P=0x124094AC
C=550 A=128 T=524800 P=0x12409544
C=551 A=128 T=524928 P=0x124095DC
C=552 A=128 T=525056 P=0x12409674
C=553 A=128 T=525184 P=0x1240970C
C=554 A=128 T=525312 P=0x124097A4
C=555 A=128 T=525440 P=0x1240983C
C=556 A=128 T=525568 P=0x124098D4
C=557 A=128 T=525696 P=0x1240996C
C=558 A=128 T=525824 P=0x12409A04
C=559 A=128 T=525952 P=0x12409A9C
C=560 A=128 T=526080 P=0x1240A554
C=561 A=128 T=526208 P=0x12409F6C
C=562 A=128 T=526336 P=0x1240A1F4
C=563 A=128 T=526464 P=0x1240A8B4
C=564 A=128 T=526592 P=0x1240A98C
C=565 A=128 T=526720 P=0x1240AA64
C=566 A=128 T=526848 P=0x1240AB3C
C=567 A=128 T=526976 P=0x1240AC14
C=568 A=128 T=527104 P=0x1240ACEC
C=569 A=128 T=527232 P=0x1240ADC4
C=570 A=128 T=527360 P=0x1240AE9C
C=571 A=128 T=527488 P=0x1240AF74
C=572 A=128 T=527616 P=0x1240B04C
C=573 A=128 T=527744 P=0x1240B124
C=574 A=128 T=527872 P=0x1240B1FC
C=575 A=128 T=528000 P=0x1240B2D4
C=576 A=128 T=528128 P=0x1240B3AC
C=577 A=128 T=528256 P=0x1240B484
C=578 A=128 T=528384 P=0x1240B55C
C=579 A=128 T=528512 P=0x1240B634
C=580 A=128 T=528640 P=0x1240B70C
C=581 A=128 T=528768 P=0x1240B7E4
C=582 A=128 T=528896 P=0x1240B8BC
C=583 A=128 T=529024 P=0x1240B994
C=584 A=128 T=529152 P=0x1240BA6C
C=585 A=128 T=529280 P=0x1240BB44
C=586 A=128 T=529408 P=0x1240BC1C
C=587 A=128 T=529536 P=0x1240BCF4
C=588 A=128 T=529664 P=0x1240BDCC
C=589 A=128 T=529792 P=0x1240BEA4
C=590 A=128 T=529920 P=0x1240BF7C
C=591 A=128 T=530048 P=0x1240C054
C=592 A=128 T=530176 P=0x1240C12C
C=593 A=128 T=530304 P=0x1240C204
C=594 A=128 T=530432 P=0x1240C2DC
C=595 A=128 T=530560 P=0x1240C3B4
C=596 A=128 T=530688 P=0x1240C48C
C=597 A=128 T=530816 P=0x1240C564
C=598 A=128 T=530944 P=0x1240C63C
C=599 A=128 T=531072 P=0x1240C714
C=600 A=128 T=531200 P=0x1240C7EC
C=601 A=128 T=531328 P=0x1240C8C4
C=602 A=128 T=531456 P=0x1240C99C
C=603 A=128 T=531584 P=0x1240CA74
C=604 A=128 T=531712 P=0x1240CB4C
C=605 A=128 T=531840 P=0x1240CC24
C=606 A=128 T=531968 P=0x1240CCFC
C=607 A=128 T=532096 P=0x1240CDD4
C=608 A=128 T=532224 P=0x1240CEAC
C=609 A=128 T=532352 P=0x1240CF84
C=610 A=128 T=532480 P=0x1240D05C
C=611 A=128 T=532608 P=0x1240D134
C=612 A=128 T=532736 P=0x1240D20C
C=613 A=128 T=532864 P=0x1240D2E4
C=614 A=128 T=532992 P=0x1240D3BC
C=615 A=128 T=533120 P=0x1240D494
C=616 A=128 T=533248 P=0x1240D56C
C=617 A=128 T=533376 P=0x1240D644
C=618 A=128 T=533504 P=0x1240D71C
C=619 A=128 T=533632 P=0x1240D7F4
C=620 A=128 T=533760 P=0x1240D8CC
C=621 A=128 T=533888 P=0x1240D9A4
C=622 A=128 T=534016 P=0x1240DA7C
C=623 A=128 T=534144 P=0x1240DB54
C=624 A=128 T=534272 P=0x1240DC2C
C=625 A=128 T=534400 P=0x1240DD04
C=626 A=128 T=534528 P=0x1240DDDC
C=627 A=128 T=534656 P=0x1240DEB4
C=628 A=128 T=534784 P=0x1240DF8C
C=629 A=128 T=534912 P=0x1240E064
C=630 A=128 T=535040 P=0x1240E13C
C=631 A=128 T=535168 P=0x1240E214
C=632 A=128 T=535296 P=0x1240E2EC
C=633 A=128 T=535424 P=0x1240E3C4
C=634 A=128 T=535552 P=0x1240E49C
C=635 A=128 T=535680 P=0x1240E574
C=636 A=128 T=535808 P=0x1240E64C
C=637 A=128 T=535936 P=0x1240E724
C=638 A=128 T=536064 P=0x1240E7FC
C=639 A=128 T=536192 P=0x1240E8D4
C=640 A=128 T=536320 P=0x1240E9AC
C=641 A=128 T=536448 P=0x1240EA84
C=642 A=128 T=536576 P=0x1240EB5C
C=643 A=128 T=536704 P=0x1240EC34
C=644 A=128 T=536832 P=0x1240ED0C
C=645 A=128 T=536960 P=0x1240EDE4
C=646 A=128 T=537088 P=0x1240EEBC
C=647 A=128 T=537216 P=0x1240EF94
C=648 A=128 T=537344 P=0x1240F06C
C=649 A=128 T=537472 P=0x1240F144
C=650 A=128 T=537600 P=0x1240F21C
C=651 A=128 T=537728 P=0x1240F2F4
C=652 A=128 T=537856 P=0x1240F3CC
C=653 A=128 T=537984 P=0x1240F4A4
C=654 A=128 T=538112 P=0x1240F57C
C=655 A=128 T=538240 P=0x1240F654
C=656 A=128 T=538368 P=0x1240F72C
C=657 A=128 T=538496 P=0x1240F804
C=658 A=128 T=538624 P=0x1240F8DC
C=659 A=128 T=538752 P=0x1240F9B4
C=660 A=128 T=538880 P=0x1240FA8C
C=661 A=128 T=539008 P=0x1240FB64
C=662 A=128 T=539136 P=0x1240FC3C
C=663 A=128 T=539264 P=0x1240FD14
C=664 E=128 T=539264
C=665 A=64 T=539328 P=0x123F8C28
C=666 A=64 T=539392 P=0x123F8B90
C=667 A=64 T=539456 P=0x123F8CC0
C=668 A=64 T=539520 P=0x123F8D0C
C=669 A=64 T=539584 P=0x123F8D58
C=670 A=64 T=539648 P=0x123F8DA4
C=671 A=64 T=539712 P=0x123F8DF0
C=672 A=64 T=539776 P=0x123F8E3C
C=673 A=64 T=539840 P=0x123F8E88
C=674 A=64 T=539904 P=0x123F8ED4
C=675 A=64 T=539968 P=0x123F8F20
C=676 A=64 T=540032 P=0x123F8F6C
C=677 A=64 T=540096 P=0x123F8FB8
C=678 A=64 T=540160 P=0x123F9004
C=679 A=64 T=540224 P=0x123F9050
C=680 A=64 T=540288 P=0x123F909C
C=681 A=64 T=540352 P=0x123F90E8
C=682 A=64 T=540416 P=0x123F9134
C=683 A=64 T=540480 P=0x123F9180
C=684 A=64 T=540544 P=0x123F91CC
C=685 A=64 T=540608 P=0x123F9218
C=686 A=64 T=540672 P=0x123F9264
C=687 A=64 T=540736 P=0x123F92B0
C=688 A=64 T=540800 P=0x123F92FC
C=689 A=64 T=540864 P=0x123F9348
C=690 A=64 T=540928 P=0x123F9394
C=691 A=64 T=540992 P=0x123F93E0
C=692 A=64 T=541056 P=0x123F942C
C=693 A=64 T=541120 P=0x123F9478
C=694 A=64 T=541184 P=0x123F94C4
C=695 A=64 T=541248 P=0x123F9510
C=696 A=64 T=541312 P=0x123F955C
C=697 A=64 T=541376 P=0x123F95A8
C=698 A=64 T=541440 P=0x123F95F4
C=699 A=64 T=541504 P=0x123F9640
C=700 A=64 T=541568 P=0x123F968C
C=701 A=64 T=541632 P=0x123F96D8
C=702 A=64 T=541696 P=0x123F9724
C=703 A=64 T=541760 P=0x123F9770
C=704 A=64 T=541824 P=0x123F97BC
C=705 A=64 T=541888 P=0x123F9808
C=706 A=64 T=541952 P=0x123F9854
C=707 A=64 T=542016 P=0x123F98A0
C=708 A=64 T=542080 P=0x123F98EC
C=709 A=64 T=542144 P=0x123F9938
C=710 A=64 T=542208 P=0x123F9984
C=711 A=64 T=542272 P=0x123F99D0
C=712 A=64 T=542336 P=0x123F9A1C
C=713 A=64 T=542400 P=0x123F9A68
C=714 A=64 T=542464 P=0x123F9AB4
C=715 A=64 T=542528 P=0x123F9B00
C=716 A=64 T=542592 P=0x123F9B4C
C=717 A=64 T=542656 P=0x123F9B98
C=718 A=64 T=542720 P=0x123F9BE4
C=719 A=64 T=542784 P=0x123F9C30
C=720 A=64 T=542848 P=0x123F9C7C
C=721 A=64 T=542912 P=0x123F9CC8
C=722 A=64 T=542976 P=0x123F9D14
C=723 A=64 T=543040 P=0x123F9D60
C=724 A=64 T=543104 P=0x123F9DAC
C=725 A=64 T=543168 P=0x123F9DF8
C=726 A=64 T=543232 P=0x123F9E44
C=727 A=64 T=543296 P=0x123F9E90
C=728 A=64 T=543360 P=0x123F9EDC
C=729 A=64 T=543424 P=0x123F9F28
C=730 A=64 T=543488 P=0x123F9F74
C=731 A=64 T=543552 P=0x123F9FC0
C=732 A=64 T=543616 P=0x123FA00C
C=733 A=64 T=543680 P=0x123FA058
C=734 E=64 T=543680
C=735 A=32 T=543712 P=0x123CABC0
C=736 A=32 T=543744 P=0x123CAFF8
C=737 A=32 T=543776 P=0x123CAAA0
C=738 A=32 T=543808 P=0x123CB2EC
C=739 A=32 T=543840 P=0x123CAFB0
C=740 A=32 T=543872 P=0x123CAFD4
C=741 A=32 T=543904 P=0x123CB2A4
C=742 A=32 T=543936 P=0x123CADDC
C=743 A=32 T=543968 P=0x123CB1CC
C=744 A=32 T=544000 P=0x123CB214
C=745 A=32 T=544032 P=0x123CB0D0
C=746 A=32 T=544064 P=0x123CB310
C=747 A=32 T=544096 P=0x123CB334
C=748 A=32 T=544128 P=0x123CB358
C=749 A=32 T=544160 P=0x123CB37C
C=750 A=32 T=544192 P=0x123CB3A0
C=751 A=32 T=544224 P=0x123CB3C4
C=752 A=32 T=544256 P=0x123CB3E8
C=753 A=32 T=544288 P=0x123CB40C
C=754 A=32 T=544320 P=0x123CB430
C=755 A=32 T=544352 P=0x123CB454
C=756 A=32 T=544384 P=0x123CB478
C=757 A=32 T=544416 P=0x123CB49C
C=758 A=32 T=544448 P=0x123CB4C0
C=759 A=32 T=544480 P=0x123CB4E4
C=760 A=32 T=544512 P=0x123CB508
C=761 A=32 T=544544 P=0x123CB52C
C=762 A=32 T=544576 P=0x123CB550
C=763 A=32 T=544608 P=0x123CB574
C=764 A=32 T=544640 P=0x123CB598
C=765 A=32 T=544672 P=0x123CB5BC
C=766 A=32 T=544704 P=0x123CB5E0
C=767 A=32 T=544736 P=0x123CB604
C=768 A=32 T=544768 P=0x123CB628
C=769 A=32 T=544800 P=0x123CB64C
C=770 A=32 T=544832 P=0x123CB670
C=771 A=32 T=544864 P=0x123CB694
C=772 A=32 T=544896 P=0x123CB6B8
C=773 A=32 T=544928 P=0x123CB6DC
C=774 A=32 T=544960 P=0x123CB700
C=775 A=32 T=544992 P=0x123CB724
C=776 A=32 T=545024 P=0x123CB748
C=777 A=32 T=545056 P=0x123CB76C
C=778 A=32 T=545088 P=0x123CB790
C=779 A=32 T=545120 P=0x123CB7B4
C=780 A=32 T=545152 P=0x123CB7D8
C=781 A=32 T=545184 P=0x123CB7FC
C=782 A=32 T=545216 P=0x123CB820
C=783 A=32 T=545248 P=0x123CB844
C=784 A=32 T=545280 P=0x123CB868
C=785 A=32 T=545312 P=0x123CB88C
C=786 A=32 T=545344 P=0x123CB8B0
C=787 A=32 T=545376 P=0x123CB8D4
C=788 A=32 T=545408 P=0x123CB8F8
C=789 A=32 T=545440 P=0x123CB91C
C=790 A=32 T=545472 P=0x123CB940
C=791 A=32 T=545504 P=0x123CB964
C=792 A=32 T=545536 P=0x123CB988
C=793 A=32 T=545568 P=0x123CB9AC
C=794 A=32 T=545600 P=0x123CB9D0
C=795 A=32 T=545632 P=0x123CB9F4
C=796 A=32 T=545664 P=0x123CBA18
C=797 A=32 T=545696 P=0x123CBA3C
C=798 A=32 T=545728 P=0x123CBA60
C=799 A=32 T=545760 P=0x123CBA84
C=800 A=32 T=545792 P=0x123CBAA8
C=801 A=32 T=545824 P=0x123CBACC
C=802 A=32 T=545856 P=0x123CBAF0
C=803 A=32 T=545888 P=0x123CBB14
C=804 A=32 T=545920 P=0x123CBB38
C=805 A=32 T=545952 P=0x123CBB5C
C=806 A=32 T=545984 P=0x123CBB80
C=807 A=32 T=546016 P=0x123CBBA4
C=808 A=32 T=546048 P=0x123CBBC8
C=809 A=32 T=546080 P=0x123CBBEC
C=810 A=32 T=546112 P=0x123CBC10
C=811 A=32 T=546144 P=0x123CBC34
C=812 A=32 T=546176 P=0x123CBC58
C=813 A=32 T=546208 P=0x123CBC7C
C=814 A=32 T=546240 P=0x123CBCA0
C=815 A=32 T=546272 P=0x123CBCC4
C=816 A=32 T=546304 P=0x123CBCE8
C=817 A=32 T=546336 P=0x123CBD0C
C=818 A=32 T=546368 P=0x123CBD30
C=819 A=32 T=546400 P=0x123CBD54
C=820 A=32 T=546432 P=0x123CBD78
C=821 A=32 T=546464 P=0x123CBD9C
C=822 A=32 T=546496 P=0x123CBDC0
C=823 A=32 T=546528 P=0x123CBDE4
C=824 A=32 T=546560 P=0x123CBE08
C=825 A=32 T=546592 P=0x123CBE2C
C=826 A=32 T=546624 P=0x123CBE50
C=827 A=32 T=546656 P=0x123CBE74
C=828 A=32 T=546688 P=0x123CBE98
C=829 A=32 T=546720 P=0x123CBEBC
C=830 A=32 T=546752 P=0x123CBEE0
C=831 A=32 T=546784 P=0x123CBF04
C=832 A=32 T=546816 P=0x123CBF28
C=833 A=32 T=546848 P=0x123CBF4C
C=834 A=32 T=546880 P=0x123CBF70
C=835 A=32 T=546912 P=0x123CBF94
C=836 A=32 T=546944 P=0x123CBFB8
C=837 A=32 T=546976 P=0x123CBFDC
C=838 A=32 T=547008 P=0x123CC000
C=839 A=32 T=547040 P=0x123CC024
C=840 A=32 T=547072 P=0x123CC048
C=841 A=32 T=547104 P=0x123CC06C
C=842 A=32 T=547136 P=0x123CC090
C=843 A=32 T=547168 P=0x123CC0B4
C=844 A=32 T=547200 P=0x123CC0D8
C=845 A=32 T=547232 P=0x123CC0FC
C=846 A=32 T=547264 P=0x123CC120
C=847 A=32 T=547296 P=0x123CC144
C=848 A=32 T=547328 P=0x123CC168
C=849 A=32 T=547360 P=0x123CC18C
C=850 A=32 T=547392 P=0x123CC1B0
C=851 A=32 T=547424 P=0x123CC1D4
C=852 A=32 T=547456 P=0x123CC1F8
C=853 A=32 T=547488 P=0x123CC21C
C=854 A=32 T=547520 P=0x123CC240
C=855 A=32 T=547552 P=0x123CC264
C=856 A=32 T=547584 P=0x123CC288
C=857 A=32 T=547616 P=0x123CC2AC
C=858 A=32 T=547648 P=0x123CC2D0
C=859 A=32 T=547680 P=0x123CC2F4
C=860 A=32 T=547712 P=0x123CC318
C=861 A=32 T=547744 P=0x123CC33C
C=862 A=32 T=547776 P=0x123CC360
C=863 A=32 T=547808 P=0x123CC384
C=864 A=32 T=547840 P=0x123CC3A8
C=865 A=32 T=547872 P=0x123CC3CC
C=866 A=32 T=547904 P=0x123CC3F0
C=867 A=32 T=547936 P=0x123CC414
C=868 A=32 T=547968 P=0x123CC438
C=869 A=32 T=548000 P=0x123CC45C
C=870 A=32 T=548032 P=0x123CC480
C=871 A=32 T=548064 P=0x123CC4A4
C=872 A=32 T=548096 P=0x123CC4C8
C=873 A=32 T=548128 P=0x123CC4EC
C=874 A=32 T=548160 P=0x123CC510
C=875 A=32 T=548192 P=0x123CC534
C=876 A=32 T=548224 P=0x123CC558
C=877 A=32 T=548256 P=0x123CC57C
C=878 A=32 T=548288 P=0x123CC5A0
C=879 A=32 T=548320 P=0x123CC5C4
C=880 A=32 T=548352 P=0x123CC5E8
C=881 A=32 T=548384 P=0x123CC60C
C=882 A=32 T=548416 P=0x123CC630
C=883 A=32 T=548448 P=0x123CC654
C=884 A=32 T=548480 P=0x123CC678
C=885 A=32 T=548512 P=0x123CC69C
C=886 A=32 T=548544 P=0x123CC6C0
C=887 A=32 T=548576 P=0x123CC6E4
C=888 A=32 T=548608 P=0x123CC708
C=889 A=32 T=548640 P=0x123CC72C
C=890 A=32 T=548672 P=0x123CC750
C=891 A=32 T=548704 P=0x123CC774
C=892 A=32 T=548736 P=0x123CC798
C=893 A=32 T=548768 P=0x123CC7BC
C=894 A=32 T=548800 P=0x123CC7E0
C=895 A=32 T=548832 P=0x123CC804
C=896 A=32 T=548864 P=0x123CC828
C=897 A=32 T=548896 P=0x123CC84C
C=898 A=32 T=548928 P=0x123CC870
C=899 A=32 T=548960 P=0x123CC894
C=900 A=32 T=548992 P=0x123CC8B8
C=901 A=32 T=549024 P=0x123CC8DC
C=902 A=32 T=549056 P=0x123CC900
C=903 A=32 T=549088 P=0x123CC924
C=904 A=32 T=549120 P=0x123CC948
C=905 A=32 T=549152 P=0x123CC96C
C=906 A=32 T=549184 P=0x123CC990
C=907 A=32 T=549216 P=0x123CC9B4
C=908 A=32 T=549248 P=0x123CC9D8
C=909 A=32 T=549280 P=0x123CC9FC
C=910 A=32 T=549312 P=0x123CCA20
C=911 A=32 T=549344 P=0x123CCA44
C=912 A=32 T=549376 P=0x123CCA68
C=913 A=32 T=549408 P=0x123CCA8C
C=914 A=32 T=549440 P=0x123CCAB0
C=915 A=32 T=549472 P=0x123CCAD4
C=916 A=32 T=549504 P=0x123CCAF8
C=917 A=32 T=549536 P=0x123CCB1C
C=918 A=32 T=549568 P=0x123CCB40
C=919 A=32 T=549600 P=0x123CCB64
C=920 A=32 T=549632 P=0x123CCB88
C=921 A=32 T=549664 P=0x123CCBAC
C=922 A=32 T=549696 P=0x123CCBD0
C=923 A=32 T=549728 P=0x123CCBF4
C=924 A=32 T=549760 P=0x123CCC18
C=925 A=32 T=549792 P=0x123CCC3C
C=926 A=32 T=549824 P=0x123CCC60
C=927 A=32 T=549856 P=0x123CCC84
C=928 A=32 T=549888 P=0x123CCCA8
C=929 A=32 T=549920 P=0x123CCCCC
C=930 A=32 T=549952 P=0x123CCCF0
C=931 A=32 T=549984 P=0x123CCD14
C=932 A=32 T=550016 P=0x123CCD38
C=933 A=32 T=550048 P=0x123CCD5C
C=934 A=32 T=550080 P=0x123CCD80
C=935 A=32 T=550112 P=0x123CCDA4
C=936 A=32 T=550144 P=0x123CCDC8
C=937 A=32 T=550176 P=0x123CCDEC
C=938 A=32 T=550208 P=0x123CCE10
C=939 A=32 T=550240 P=0x123CCE34
C=940 A=32 T=550272 P=0x123CCE58
C=941 A=32 T=550304 P=0x123CCE7C
C=942 A=32 T=550336 P=0x123CCEA0
C=943 A=32 T=550368 P=0x123CCEC4
C=944 A=32 T=550400 P=0x123CCEE8
C=945 A=32 T=550432 P=0x123CCF0C
C=946 A=32 T=550464 P=0x123CCF30
C=947 A=32 T=550496 P=0x123CCF54
C=948 A=32 T=550528 P=0x123CCF78
C=949 A=32 T=550560 P=0x123CCF9C
C=950 A=32 T=550592 P=0x123CCFC0
C=951 A=32 T=550624 P=0x123CCFE4
C=952 A=32 T=550656 P=0x123CD008
C=953 A=32 T=550688 P=0x123CD02C
C=954 A=32 T=550720 P=0x123CD050
C=955 A=32 T=550752 P=0x123CD074
C=956 A=32 T=550784 P=0x123CD098
C=957 A=32 T=550816 P=0x123CE0BC
C=958 A=32 T=550848 P=0x123CE5BC
C=959 A=32 T=550880 P=0x123CE5FC
C=960 A=32 T=550912 P=0x123CE63C
C=961 A=32 T=550944 P=0x123CE67C
C=962 A=32 T=550976 P=0x123CE6BC
C=963 A=32 T=551008 P=0x123CE6FC
C=964 A=32 T=551040 P=0x123CE73C
C=965 A=32 T=551072 P=0x123CE77C
C=966 A=32 T=551104 P=0x123CE7BC
C=967 A=32 T=551136 P=0x123CE7FC
C=968 A=32 T=551168 P=0x123CE83C
C=969 A=32 T=551200 P=0x123CE87C
C=970 A=32 T=551232 P=0x123CE8BC
C=971 A=32 T=551264 P=0x123CE8FC
C=972 A=32 T=551296 P=0x123CE93C
C=973 A=32 T=551328 P=0x123CE97C
C=974 A=32 T=551360 P=0x123CE9BC
C=975 A=32 T=551392 P=0x123CE9FC
C=976 A=32 T=551424 P=0x123CEA3C
C=977 A=32 T=551456 P=0x123CEA7C
C=978 A=32 T=551488 P=0x123CEABC
C=979 A=32 T=551520 P=0x123CEAFC
C=980 A=32 T=551552 P=0x123CEB3C
C=981 A=32 T=551584 P=0x123CEB7C
C=982 A=32 T=551616 P=0x123CEBBC
C=983 A=32 T=551648 P=0x123CEBFC
C=984 A=32 T=551680 P=0x123CEC3C
C=985 A=32 T=551712 P=0x123CEC7C
C=986 A=32 T=551744 P=0x123CECBC
C=987 A=32 T=551776 P=0x123CECFC
C=988 A=32 T=551808 P=0x123CED3C
C=989 A=32 T=551840 P=0x123CED7C
C=990 A=32 T=551872 P=0x123CEDBC
C=991 A=32 T=551904 P=0x123CEDFC
C=992 A=32 T=551936 P=0x123CEE3C
C=993 A=32 T=551968 P=0x123CEE7C
C=994 A=32 T=552000 P=0x123CEEBC
C=995 A=32 T=552032 P=0x123CEEFC
C=996 A=32 T=552064 P=0x123CEF3C
C=997 A=32 T=552096 P=0x123CEF7C
C=998 A=32 T=552128 P=0x123CEFBC
C=999 A=32 T=552160 P=0x123CEFFC
C=1000 A=32 T=552192 P=0x123CF03C
C=1001 A=32 T=552224 P=0x123CF07C
C=1002 A=32 T=552256 P=0x123CF0BC
C=1003 A=32 T=552288 P=0x123CF0FC
C=1004 A=32 T=552320 P=0x123CF13C
C=1005 A=32 T=552352 P=0x123CF17C
C=1006 A=32 T=552384 P=0x123CF1BC
C=1007 A=32 T=552416 P=0x123CF1FC
C=1008 A=32 T=552448 P=0x123CF23C
C=1009 A=32 T=552480 P=0x123CF27C
C=1010 A=32 T=552512 P=0x123CF2BC
C=1011 A=32 T=552544 P=0x123CF2FC
C=1012 A=32 T=552576 P=0x123CF33C
C=1013 A=32 T=552608 P=0x123CF37C
C=1014 A=32 T=552640 P=0x123CF3BC
C=1015 A=32 T=552672 P=0x123CF3FC
C=1016 A=32 T=552704 P=0x123CF43C
C=1017 A=32 T=552736 P=0x123CF47C
C=1018 A=32 T=552768 P=0x123CF4BC
C=1019 A=32 T=552800 P=0x123CF4FC
C=1020 A=32 T=552832 P=0x123CF53C
C=1021 A=32 T=552864 P=0x123CF57C
C=1022 A=32 T=552896 P=0x123CF5BC
C=1023 A=32 T=552928 P=0x123CF5FC
C=1024 A=32 T=552960 P=0x123CF63C
PMIN=0x123CAAA0 PMAX=0x124C041C RGN=0xF597C RGD=1005948
Trying to allocate yeti 212944 bytes.
Error: Cannot allocate yeti data.
Trying to allocate texture 131072 bytes.
Error: Cannot allocate textures array.
Error: Cannot read 'Yeti3D.tex' file.
Trying to allocate LUA 32768 bytes.
Error: Cannot read 'Yeti3D.lua' file.
Trying to allocate reciprocal 65536 bytes.
Error: Cannot read 'Yeti3D.rec' file.
Trying to allocate sintable 8192 bytes.
Error: Cannot read 'Yeti3D.sin' file.
Trying to allocate spr_00 1430 bytes.
Trying to allocate spr_01 1430 bytes.
Trying to allocate spr_02 1430 bytes.
Trying to allocate spr_03 1430 bytes.
Trying to allocate spr_ball1 32772 bytes.
Error: Cannot read 'Yeti3D.spr' file.
Trying to allocate map 65664 bytes.
Error: Cannot read 'Yeti3D.map' file.
